[0.019s] Invoking command in '/home/caleb/project3_ws/build/turtlebot3_project3': CMAKE_PREFIX_PATH=/opt/ros/humble /usr/bin/cmake /home/caleb/project3_ws/src/turtlebot3_project3 -DCMAKE_INSTALL_PREFIX=/home/caleb/project3_ws/install/turtlebot3_project3
[0.114s] -- The C compiler identification is GNU 11.4.0
[0.203s] -- The CXX compiler identification is GNU 11.4.0
[0.215s] -- Detecting C compiler ABI info
[0.342s] -- Detecting C compiler ABI info - done
[0.353s] -- Check for working C compiler: /usr/bin/cc - skipped
[0.353s] -- Detecting C compile features
[0.353s] -- Detecting C compile features - done
[0.358s] -- Detecting CXX compiler ABI info
[0.508s] -- Detecting CXX compiler ABI info - done
[0.517s] -- Check for working CXX compiler: /usr/bin/c++ - skipped
[0.517s] -- Detecting CXX compile features
[0.518s] -- Detecting CXX compile features - done
[0.521s] -- Found ament_cmake: 1.3.8 (/opt/ros/humble/share/ament_cmake/cmake)
[0.762s] -- Found Python3: /usr/bin/python3 (found version "3.10.12") found components: Interpreter 
[0.893s] [33mCMake Warning (dev) at /usr/share/cmake-3.22/Modules/FindPackageHandleStandardArgs.cmake:438 (message):
[0.893s]   The package name passed to `find_package_handle_standard_args` (PkgConfig)
[0.893s]   does not match the name of the calling package (gazebo).  This can lead to
[0.893s]   problems in calling code that expects `find_package` result variables
[0.894s]   (e.g., `_FOUND`) to follow a certain pattern.
[0.894s] Call Stack (most recent call first):
[0.894s]   /usr/share/cmake-3.22/Modules/FindPkgConfig.cmake:99 (find_package_handle_standard_args)
[0.894s]   /usr/lib/x86_64-linux-gnu/cmake/gazebo/gazebo-config.cmake:72 (include)
[0.894s]   CMakeLists.txt:23 (find_package)
[0.895s] This warning is for project developers.  Use -Wno-dev to suppress it.
[0.895s] [0m
[0.895s] -- Found PkgConfig: /usr/bin/pkg-config (found version "0.29.2") 
[0.898s] -- Checking for module 'bullet>=2.82'
[0.925s] --   Found bullet, version 3.05
[1.139s] -- Found fcl: /usr/include (found suitable version "0.7.0", minimum required is "0.5.0") 
[1.253s] -- Found assimp: /usr/include (found version "5.2.0") 
[1.277s] -- Found DART: /usr/include (Required is at least version "6.6") found components: dart 
[1.660s] -- Found Boost: /usr/lib/x86_64-linux-gnu/cmake/Boost-1.74.0/BoostConfig.cmake (found suitable version "1.74.0", minimum required is "1.40.0") found components: thread system filesystem program_options regex iostreams date_time 
[1.690s] -- Found Protobuf: /usr/lib/x86_64-linux-gnu/libprotobuf.so (found version "3.12.4") 
[1.697s] -- Looking for ignition-math6 -- found version 6.15.1
[1.705s] -- Searching for dependencies of ignition-math6
[1.707s] -- Looking for OGRE...
[1.707s] -- OGRE_PREFIX_WATCH changed.
[1.718s] -- Checking for module 'OGRE'
[1.750s] --   Found OGRE, version 1.9.0
[1.827s] -- Found Ogre Ghadamon (1.9.0)
[1.847s] -- Found OGRE: optimized;/usr/lib/x86_64-linux-gnu/libOgreMain.so;debug;/usr/lib/x86_64-linux-gnu/libOgreMain.so
[1.862s] -- Looking for OGRE_Paging...
[1.871s] -- Found OGRE_Paging: optimized;/usr/lib/x86_64-linux-gnu/libOgrePaging.so;debug;/usr/lib/x86_64-linux-gnu/libOgrePaging.so
[1.871s] -- Looking for OGRE_Terrain...
[1.879s] -- Found OGRE_Terrain: optimized;/usr/lib/x86_64-linux-gnu/libOgreTerrain.so;debug;/usr/lib/x86_64-linux-gnu/libOgreTerrain.so
[1.880s] -- Looking for OGRE_Property...
[1.888s] -- Found OGRE_Property: optimized;/usr/lib/x86_64-linux-gnu/libOgreProperty.so;debug;/usr/lib/x86_64-linux-gnu/libOgreProperty.so
[1.888s] -- Looking for OGRE_RTShaderSystem...
[1.896s] -- Found OGRE_RTShaderSystem: optimized;/usr/lib/x86_64-linux-gnu/libOgreRTShaderSystem.so;debug;/usr/lib/x86_64-linux-gnu/libOgreRTShaderSystem.so
[1.896s] -- Looking for OGRE_Volume...
[1.903s] -- Found OGRE_Volume: optimized;/usr/lib/x86_64-linux-gnu/libOgreVolume.so;debug;/usr/lib/x86_64-linux-gnu/libOgreVolume.so
[1.903s] -- Looking for OGRE_Overlay...
[1.910s] -- Found OGRE_Overlay: optimized;/usr/lib/x86_64-linux-gnu/libOgreOverlay.so;debug;/usr/lib/x86_64-linux-gnu/libOgreOverlay.so
[2.105s] -- Looking for ignition-math6 -- found version 6.15.1
[2.107s] -- Looking for ignition-transport8 -- found version 8.2.1
[2.108s] -- Searching for dependencies of ignition-transport8
[2.132s] -- Found Protobuf: /usr/lib/x86_64-linux-gnu/libprotobuf.so (found suitable version "3.12.4", minimum required is "3") 
[2.148s] -- Config-file not installed for ZeroMQ -- checking for pkg-config
[2.160s] -- Checking for module 'libzmq >= 4'
[2.196s] --   Found libzmq , version 4.3.4
[2.297s] -- Found ZeroMQ: TRUE (Required is at least version "4") 
[2.309s] -- Checking for module 'uuid'
[2.346s] --   Found uuid, version 2.37.2
[2.451s] -- Found UUID: TRUE  
[2.454s] -- Looking for ignition-msgs5 -- found version 5.8.1
[2.454s] -- Searching for dependencies of ignition-msgs5
[2.509s] -- Looking for ignition-math6 -- found version 6.15.1
[2.519s] -- Checking for module 'tinyxml2'
[2.558s] --   Found tinyxml2, version 9.0.0
[2.652s] -- Looking for ignition-msgs5 -- found version 5.8.1
[2.656s] -- Looking for ignition-common3 -- found version 3.14.0
[2.657s] -- Searching for dependencies of ignition-common3
[2.658s] -- Looking for dlfcn.h - found
[2.661s] -- Looking for libdl - found
[2.665s] -- Found DL: TRUE  
[2.700s] -- Found tinyobjloader: /usr/lib/x86_64-linux-gnu/cmake/tinyobjloader/tinyobjloader-config.cmake (found version "2.0.0") 
[2.702s] -- Searching for <ignition-common3> component [graphics]
[2.709s] -- Looking for ignition-common3-graphics -- found version 3.14.0
[2.710s] -- Searching for dependencies of ignition-common3-graphics
[2.711s] -- Looking for ignition-math6 -- found version 6.15.1
[2.715s] -- Looking for ignition-fuel_tools4 -- found version 4.4.0
[2.715s] -- Searching for dependencies of ignition-fuel_tools4
[2.886s] -- Found CURL: /usr/lib/x86_64-linux-gnu/libcurl.so (found version "7.81.0")  
[2.900s] -- Checking for module 'jsoncpp'
[2.930s] --   Found jsoncpp, version 1.9.5
[3.012s] -- Found JSONCPP: TRUE  
[3.025s] -- Checking for module 'libzip'
[3.057s] --   Found libzip, version 1.7.3
[3.140s] -- Found ZIP: TRUE  
[3.140s] -- Looking for ignition-common3 -- found version 3.14.0
[3.141s] -- Looking for ignition-math6 -- found version 6.15.1
[3.141s] -- Looking for ignition-msgs5 -- found version 5.8.1
[3.148s] -- Found gazebo_ros_pkgs: 3.7.0 (/opt/ros/humble/share/gazebo_ros_pkgs/cmake)
[3.151s] -- Found geometry_msgs: 4.2.3 (/opt/ros/humble/share/geometry_msgs/cmake)
[3.198s] -- Found rosidl_generator_c: 3.1.5 (/opt/ros/humble/share/rosidl_generator_c/cmake)
[3.205s] -- Found rosidl_adapter: 3.1.5 (/opt/ros/humble/share/rosidl_adapter/cmake)
[3.218s] -- Found rosidl_generator_cpp: 3.1.5 (/opt/ros/humble/share/rosidl_generator_cpp/cmake)
[3.240s] -- Using all available rosidl_typesupport_c: rosidl_typesupport_fastrtps_c;rosidl_typesupport_introspection_c
[3.270s] -- Using all available rosidl_typesupport_cpp: rosidl_typesupport_fastrtps_cpp;rosidl_typesupport_introspection_cpp
[3.463s] -- Found nav_msgs: 4.2.3 (/opt/ros/humble/share/nav_msgs/cmake)
[3.579s] -- Found rclcpp: 16.0.8 (/opt/ros/humble/share/rclcpp/cmake)
[3.660s] -- Found rmw_implementation_cmake: 6.1.1 (/opt/ros/humble/share/rmw_implementation_cmake/cmake)
[3.663s] -- Found rmw_fastrtps_cpp: 6.2.6 (/opt/ros/humble/share/rmw_fastrtps_cpp/cmake)
[3.854s] -- Found OpenSSL: /usr/lib/x86_64-linux-gnu/libcrypto.so (found version "3.0.2")  
[3.898s] -- Found FastRTPS: /opt/ros/humble/include  
[3.974s] -- Using RMW implementation 'rmw_fastrtps_cpp' as default
[3.989s] -- Found Threads: TRUE  
[4.218s] -- Found sensor_msgs: 4.2.3 (/opt/ros/humble/share/sensor_msgs/cmake)
[4.381s] -- Found tf2: 0.25.6 (/opt/ros/humble/share/tf2/cmake)
[4.521s] -- Configuring done
[4.542s] -- Generating done
[4.546s] -- Build files have been written to: /home/caleb/project3_ws/build/turtlebot3_project3
[4.569s] Invoked command in '/home/caleb/project3_ws/build/turtlebot3_project3' returned '0': CMAKE_PREFIX_PATH=/opt/ros/humble /usr/bin/cmake /home/caleb/project3_ws/src/turtlebot3_project3 -DCMAKE_INSTALL_PREFIX=/home/caleb/project3_ws/install/turtlebot3_project3
[4.573s] Invoking command in '/home/caleb/project3_ws/build/turtlebot3_project3': CMAKE_PREFIX_PATH=/opt/ros/humble /usr/bin/cmake --build /home/caleb/project3_ws/build/turtlebot3_project3 -- -j8 -l8
[4.690s] [ 50%] [32mBuilding CXX object CMakeFiles/turtlebot3_drive.dir/src/turtlebot3_drive.cpp.o[0m
[20.280s] [100%] [32m[1mLinking CXX executable turtlebot3_drive[0m
[21.399s] [100%] Built target turtlebot3_drive
[21.418s] Invoked command in '/home/caleb/project3_ws/build/turtlebot3_project3' returned '0': CMAKE_PREFIX_PATH=/opt/ros/humble /usr/bin/cmake --build /home/caleb/project3_ws/build/turtlebot3_project3 -- -j8 -l8
[21.485s] Invoking command in '/home/caleb/project3_ws/build/turtlebot3_project3': CMAKE_PREFIX_PATH=/opt/ros/humble /usr/bin/cmake --install /home/caleb/project3_ws/build/turtlebot3_project3
[21.499s] -- Install configuration: ""
[21.499s] -- Installing: /home/caleb/project3_ws/install/turtlebot3_project3/lib/turtlebot3_project3/turtlebot3_drive
[21.511s] -- Set runtime path of "/home/caleb/project3_ws/install/turtlebot3_project3/lib/turtlebot3_project3/turtlebot3_drive" to ""
[21.511s] -- Installing: /home/caleb/project3_ws/install/turtlebot3_project3/share/turtlebot3_project3//launch
[21.511s] -- Installing: /home/caleb/project3_ws/install/turtlebot3_project3/share/turtlebot3_project3//launch/robot_state_publisher.launch.py
[21.512s] -- Installing: /home/caleb/project3_ws/install/turtlebot3_project3/share/turtlebot3_project3//launch/competition_world.launch.py
[21.512s] -- Installing: /home/caleb/project3_ws/install/turtlebot3_project3/share/turtlebot3_project3//launch/empty_world.launch.py
[21.512s] -- Installing: /home/caleb/project3_ws/install/turtlebot3_project3/share/turtlebot3_project3//launch/spawn_turtlebot3.launch.py
[21.512s] -- Installing: /home/caleb/project3_ws/install/turtlebot3_project3/share/turtlebot3_project3//models
[21.513s] -- Installing: /home/caleb/project3_ws/install/turtlebot3_project3/share/turtlebot3_project3//models/turtlebot3_waffle
[21.513s] -- Installing: /home/caleb/project3_ws/install/turtlebot3_project3/share/turtlebot3_project3//models/turtlebot3_waffle/model.sdf
[21.513s] -- Installing: /home/caleb/project3_ws/install/turtlebot3_project3/share/turtlebot3_project3//models/turtlebot3_waffle/model.config
[21.513s] -- Installing: /home/caleb/project3_ws/install/turtlebot3_project3/share/turtlebot3_project3//models/turtlebot3_waffle/model-1_4.sdf
[21.513s] -- Installing: /home/caleb/project3_ws/install/turtlebot3_project3/share/turtlebot3_project3//models/turtlebot3_common
[21.513s] -- Installing: /home/caleb/project3_ws/install/turtlebot3_project3/share/turtlebot3_project3//models/turtlebot3_common/meshes
[21.514s] -- Installing: /home/caleb/project3_ws/install/turtlebot3_project3/share/turtlebot3_project3//models/turtlebot3_common/meshes/waffle_pi_base.dae
[21.514s] -- Installing: /home/caleb/project3_ws/install/turtlebot3_project3/share/turtlebot3_project3//models/turtlebot3_common/meshes/r200.dae
[21.514s] -- Installing: /home/caleb/project3_ws/install/turtlebot3_project3/share/turtlebot3_project3//models/turtlebot3_common/meshes/lds.dae
[21.514s] -- Installing: /home/caleb/project3_ws/install/turtlebot3_project3/share/turtlebot3_project3//models/turtlebot3_common/meshes/tire.dae
[21.514s] -- Installing: /home/caleb/project3_ws/install/turtlebot3_project3/share/turtlebot3_project3//models/turtlebot3_common/meshes/burger_base.dae
[21.514s] -- Installing: /home/caleb/project3_ws/install/turtlebot3_project3/share/turtlebot3_project3//models/turtlebot3_common/meshes/waffle_base.dae
[21.515s] -- Installing: /home/caleb/project3_ws/install/turtlebot3_project3/share/turtlebot3_project3//models/turtlebot3_common/model.config
[21.515s] -- Installing: /home/caleb/project3_ws/install/turtlebot3_project3/share/turtlebot3_project3//models/turtlebot3_world
[21.515s] -- Installing: /home/caleb/project3_ws/install/turtlebot3_project3/share/turtlebot3_project3//models/turtlebot3_world/meshes
[21.515s] -- Installing: /home/caleb/project3_ws/install/turtlebot3_project3/share/turtlebot3_project3//models/turtlebot3_world/meshes/wall.dae
[21.515s] -- Installing: /home/caleb/project3_ws/install/turtlebot3_project3/share/turtlebot3_project3//models/turtlebot3_world/meshes/hexagon.dae
[21.515s] -- Installing: /home/caleb/project3_ws/install/turtlebot3_project3/share/turtlebot3_project3//models/turtlebot3_world/model.sdf
[21.516s] -- Installing: /home/caleb/project3_ws/install/turtlebot3_project3/share/turtlebot3_project3//models/turtlebot3_world/model.config
[21.516s] -- Installing: /home/caleb/project3_ws/install/turtlebot3_project3/share/turtlebot3_project3//models/turtlebot3_world/model-1_4.sdf
[21.516s] -- Installing: /home/caleb/project3_ws/install/turtlebot3_project3/share/turtlebot3_project3//rviz
[21.516s] -- Installing: /home/caleb/project3_ws/install/turtlebot3_project3/share/turtlebot3_project3//rviz/tb3_gazebo.rviz
[21.517s] -- Installing: /home/caleb/project3_ws/install/turtlebot3_project3/share/turtlebot3_project3//urdf
[21.517s] -- Installing: /home/caleb/project3_ws/install/turtlebot3_project3/share/turtlebot3_project3//urdf/common_properties.urdf
[21.517s] -- Installing: /home/caleb/project3_ws/install/turtlebot3_project3/share/turtlebot3_project3//urdf/turtlebot3_waffle.urdf
[21.517s] -- Installing: /home/caleb/project3_ws/install/turtlebot3_project3/share/turtlebot3_project3//worlds
[21.518s] -- Installing: /home/caleb/project3_ws/install/turtlebot3_project3/share/turtlebot3_project3//worlds/competition_world.world
[21.518s] -- Installing: /home/caleb/project3_ws/install/turtlebot3_project3/share/turtlebot3_project3//worlds/empty_world.world
[21.518s] -- Installing: /home/caleb/project3_ws/install/turtlebot3_project3/include/
[21.518s] -- Installing: /home/caleb/project3_ws/install/turtlebot3_project3/include//turtlebot3_project3
[21.518s] -- Installing: /home/caleb/project3_ws/install/turtlebot3_project3/include//turtlebot3_project3/turtlebot3_drive.hpp
[21.518s] -- Installing: /home/caleb/project3_ws/install/turtlebot3_project3/lib/turtlebot3_project3/teleop.py
[21.519s] -- Installing: /home/caleb/project3_ws/install/turtlebot3_project3/share/ament_index/resource_index/package_run_dependencies/turtlebot3_project3
[21.519s] -- Installing: /home/caleb/project3_ws/install/turtlebot3_project3/share/ament_index/resource_index/parent_prefix_path/turtlebot3_project3
[21.519s] -- Installing: /home/caleb/project3_ws/install/turtlebot3_project3/share/turtlebot3_project3/environment/ament_prefix_path.sh
[21.519s] -- Installing: /home/caleb/project3_ws/install/turtlebot3_project3/share/turtlebot3_project3/environment/ament_prefix_path.dsv
[21.520s] -- Installing: /home/caleb/project3_ws/install/turtlebot3_project3/share/turtlebot3_project3/environment/path.sh
[21.520s] -- Installing: /home/caleb/project3_ws/install/turtlebot3_project3/share/turtlebot3_project3/environment/path.dsv
[21.520s] -- Installing: /home/caleb/project3_ws/install/turtlebot3_project3/share/turtlebot3_project3/local_setup.bash
[21.520s] -- Installing: /home/caleb/project3_ws/install/turtlebot3_project3/share/turtlebot3_project3/local_setup.sh
[21.521s] -- Installing: /home/caleb/project3_ws/install/turtlebot3_project3/share/turtlebot3_project3/local_setup.zsh
[21.521s] -- Installing: /home/caleb/project3_ws/install/turtlebot3_project3/share/turtlebot3_project3/local_setup.dsv
[21.521s] -- Installing: /home/caleb/project3_ws/install/turtlebot3_project3/share/turtlebot3_project3/package.dsv
[21.521s] -- Installing: /home/caleb/project3_ws/install/turtlebot3_project3/share/ament_index/resource_index/packages/turtlebot3_project3
[21.522s] -- Installing: /home/caleb/project3_ws/install/turtlebot3_project3/share/turtlebot3_project3/cmake/ament_cmake_export_include_directories-extras.cmake
[21.522s] -- Installing: /home/caleb/project3_ws/install/turtlebot3_project3/share/turtlebot3_project3/cmake/ament_cmake_export_dependencies-extras.cmake
[21.522s] -- Installing: /home/caleb/project3_ws/install/turtlebot3_project3/share/turtlebot3_project3/cmake/turtlebot3_project3Config.cmake
[21.522s] -- Installing: /home/caleb/project3_ws/install/turtlebot3_project3/share/turtlebot3_project3/cmake/turtlebot3_project3Config-version.cmake
[21.522s] -- Installing: /home/caleb/project3_ws/install/turtlebot3_project3/share/turtlebot3_project3/package.xml
[21.526s] Invoked command in '/home/caleb/project3_ws/build/turtlebot3_project3' returned '0': CMAKE_PREFIX_PATH=/opt/ros/humble /usr/bin/cmake --install /home/caleb/project3_ws/build/turtlebot3_project3
