[0.512s] DEBUG:colcon:Command line arguments: ['/usr/bin/colcon', 'list', '-p', '--base-paths', '/home/caleb/project3_ws']
[0.514s] DEBUG:colcon:Parsed command line arguments: Namespace(log_base=None, log_level=None, verb_name='list', build_base='build', ignore_user_meta=False, metas=['./colcon.meta'], base_paths=['/home/caleb/project3_ws'], packages_ignore=None, packages_ignore_regex=None, paths=None, packages_up_to=None, packages_up_to_regex=None, packages_above=None, packages_above_and_dependencies=None, packages_above_depth=None, packages_select_by_dep=None, packages_skip_by_dep=None, packages_skip_up_to=None, packages_select_build_failed=False, packages_skip_build_finished=False, packages_select_test_failures=False, packages_skip_test_passed=False, packages_select=None, packages_skip=None, packages_select_regex=None, packages_skip_regex=None, packages_start=None, packages_end=None, allow_overriding=[], topological_order=False, names_only=False, paths_only=True, topological_graph=False, topological_graph_dot=False, topological_graph_density=False, topological_graph_legend=False, topological_graph_dot_cluster=False, topological_graph_dot_include_skipped=False, verb_parser=<colcon_defaults.argument_parser.defaults.DefaultArgumentsDecorator object at 0x76a6ad135c90>, verb_extension=<colcon_package_information.verb.list.ListVerb object at 0x76a6ad235f30>, main=<bound method ListVerb.main of <colcon_package_information.verb.list.ListVerb object at 0x76a6ad235f30>>)
[1.746s] Level 1:colcon.colcon_core.package_discovery:discover_packages(colcon_meta) check parameters
[1.748s] Level 1:colcon.colcon_core.package_discovery:discover_packages(recursive) check parameters
[1.748s] Level 1:colcon.colcon_core.package_discovery:discover_packages(ignore) check parameters
[1.749s] Level 1:colcon.colcon_core.package_discovery:discover_packages(path) check parameters
[1.749s] Level 1:colcon.colcon_core.package_discovery:discover_packages(recursive) discover
[1.749s] INFO:colcon.colcon_core.package_discovery:Crawling recursively for packages in '/home/caleb/project3_ws'
[1.750s] Level 1:colcon.colcon_core.package_identification:_identify(/home/caleb/project3_ws) by extensions ['ignore', 'ignore_ament_install']
[1.751s] Level 1:colcon.colcon_core.package_identification:_identify(/home/caleb/project3_ws) by extension 'ignore'
[1.751s] Level 1:colcon.colcon_core.package_identification:_identify(/home/caleb/project3_ws) by extension 'ignore_ament_install'
[1.752s] Level 1:colcon.colcon_core.package_identification:_identify(/home/caleb/project3_ws) by extensions ['colcon_pkg']
[1.753s] Level 1:colcon.colcon_core.package_identification:_identify(/home/caleb/project3_ws) by extension 'colcon_pkg'
[1.753s] Level 1:colcon.colcon_core.package_identification:_identify(/home/caleb/project3_ws) by extensions ['colcon_meta']
[1.754s] Level 1:colcon.colcon_core.package_identification:_identify(/home/caleb/project3_ws) by extension 'colcon_meta'
[1.755s] Level 1:colcon.colcon_core.package_identification:_identify(/home/caleb/project3_ws) by extensions ['ros']
[1.757s] Level 1:colcon.colcon_core.package_identification:_identify(/home/caleb/project3_ws) by extension 'ros'
[1.812s] Level 1:colcon.colcon_core.package_identification:_identify(/home/caleb/project3_ws) by extensions ['cmake', 'python']
[1.813s] Level 1:colcon.colcon_core.package_identification:_identify(/home/caleb/project3_ws) by extension 'cmake'
[1.814s] Level 1:colcon.colcon_core.package_identification:_identify(/home/caleb/project3_ws) by extension 'python'
[1.815s] Level 1:colcon.colcon_core.package_identification:_identify(/home/caleb/project3_ws) by extensions ['python_setup_py']
[1.816s] Level 1:colcon.colcon_core.package_identification:_identify(/home/caleb/project3_ws) by extension 'python_setup_py'
[1.818s] Level 1:colcon.colcon_core.package_identification:_identify(/home/caleb/project3_ws/build) by extensions ['ignore', 'ignore_ament_install']
[1.819s] Level 1:colcon.colcon_core.package_identification:_identify(/home/caleb/project3_ws/build) by extension 'ignore'
[1.820s] Level 1:colcon.colcon_core.package_identification:_identify(/home/caleb/project3_ws/build) ignored
[1.822s] Level 1:colcon.colcon_core.package_identification:_identify(/home/caleb/project3_ws/install) by extensions ['ignore', 'ignore_ament_install']
[1.823s] Level 1:colcon.colcon_core.package_identification:_identify(/home/caleb/project3_ws/install) by extension 'ignore'
[1.826s] Level 1:colcon.colcon_core.package_identification:_identify(/home/caleb/project3_ws/install) ignored
[1.828s] Level 1:colcon.colcon_core.package_identification:_identify(/home/caleb/project3_ws/log) by extensions ['ignore', 'ignore_ament_install']
[1.829s] Level 1:colcon.colcon_core.package_identification:_identify(/home/caleb/project3_ws/log) by extension 'ignore'
[1.831s] Level 1:colcon.colcon_core.package_identification:_identify(/home/caleb/project3_ws/log) ignored
[1.832s] Level 1:colcon.colcon_core.package_identification:_identify(/home/caleb/project3_ws/src) by extensions ['ignore', 'ignore_ament_install']
[1.837s] Level 1:colcon.colcon_core.package_identification:_identify(/home/caleb/project3_ws/src) by extension 'ignore'
[1.837s] Level 1:colcon.colcon_core.package_identification:_identify(/home/caleb/project3_ws/src) by extension 'ignore_ament_install'
[1.838s] Level 1:colcon.colcon_core.package_identification:_identify(/home/caleb/project3_ws/src) by extensions ['colcon_pkg']
[1.838s] Level 1:colcon.colcon_core.package_identification:_identify(/home/caleb/project3_ws/src) by extension 'colcon_pkg'
[1.842s] Level 1:colcon.colcon_core.package_identification:_identify(/home/caleb/project3_ws/src) by extensions ['colcon_meta']
[1.843s] Level 1:colcon.colcon_core.package_identification:_identify(/home/caleb/project3_ws/src) by extension 'colcon_meta'
[1.845s] Level 1:colcon.colcon_core.package_identification:_identify(/home/caleb/project3_ws/src) by extensions ['ros']
[1.849s] Level 1:colcon.colcon_core.package_identification:_identify(/home/caleb/project3_ws/src) by extension 'ros'
[1.850s] Level 1:colcon.colcon_core.package_identification:_identify(/home/caleb/project3_ws/src) by extensions ['cmake', 'python']
[1.850s] Level 1:colcon.colcon_core.package_identification:_identify(/home/caleb/project3_ws/src) by extension 'cmake'
[1.851s] Level 1:colcon.colcon_core.package_identification:_identify(/home/caleb/project3_ws/src) by extension 'python'
[1.852s] Level 1:colcon.colcon_core.package_identification:_identify(/home/caleb/project3_ws/src) by extensions ['python_setup_py']
[1.858s] Level 1:colcon.colcon_core.package_identification:_identify(/home/caleb/project3_ws/src) by extension 'python_setup_py'
[1.859s] Level 1:colcon.colcon_core.package_identification:_identify(/home/caleb/project3_ws/src/turtlebot3_project3) by extensions ['ignore', 'ignore_ament_install']
[1.860s] Level 1:colcon.colcon_core.package_identification:_identify(/home/caleb/project3_ws/src/turtlebot3_project3) by extension 'ignore'
[1.862s] Level 1:colcon.colcon_core.package_identification:_identify(/home/caleb/project3_ws/src/turtlebot3_project3) by extension 'ignore_ament_install'
[1.863s] Level 1:colcon.colcon_core.package_identification:_identify(/home/caleb/project3_ws/src/turtlebot3_project3) by extensions ['colcon_pkg']
[1.865s] Level 1:colcon.colcon_core.package_identification:_identify(/home/caleb/project3_ws/src/turtlebot3_project3) by extension 'colcon_pkg'
[1.866s] Level 1:colcon.colcon_core.package_identification:_identify(/home/caleb/project3_ws/src/turtlebot3_project3) by extensions ['colcon_meta']
[1.869s] Level 1:colcon.colcon_core.package_identification:_identify(/home/caleb/project3_ws/src/turtlebot3_project3) by extension 'colcon_meta'
[1.870s] Level 1:colcon.colcon_core.package_identification:_identify(/home/caleb/project3_ws/src/turtlebot3_project3) by extensions ['ros']
[1.871s] Level 1:colcon.colcon_core.package_identification:_identify(/home/caleb/project3_ws/src/turtlebot3_project3) by extension 'ros'
[1.896s] DEBUG:colcon.colcon_core.package_identification:Package '/home/caleb/project3_ws/src/turtlebot3_project3' with type 'ros.ament_cmake' and name 'turtlebot3_project3'
[1.897s] Level 1:colcon.colcon_core.package_discovery:discover_packages(recursive) using defaults
