[0.129s] DEBUG:colcon:Command line arguments: ['/usr/bin/colcon', 'build', '--packages-select', 'turtlebot3_project3']
[0.129s] DEBUG:colcon:Parsed command line arguments: Namespace(log_base=None, log_level=None, verb_name='build', build_base='build', install_base='install', merge_install=False, symlink_install=False, test_result_base=None, continue_on_error=False, executor='parallel', parallel_workers=8, event_handlers=None, ignore_user_meta=False, metas=['./colcon.meta'], base_paths=['.'], packages_ignore=None, packages_ignore_regex=None, paths=None, packages_up_to=None, packages_up_to_regex=None, packages_above=None, packages_above_and_dependencies=None, packages_above_depth=None, packages_select_by_dep=None, packages_skip_by_dep=None, packages_skip_up_to=None, packages_select_build_failed=False, packages_skip_build_finished=False, packages_select_test_failures=False, packages_skip_test_passed=False, packages_select=['turtlebot3_project3'], packages_skip=None, packages_select_regex=None, packages_skip_regex=None, packages_start=None, packages_end=None, allow_overriding=[], cmake_args=None, cmake_target=None, cmake_target_skip_unavailable=False, cmake_clean_cache=False, cmake_clean_first=False, cmake_force_configure=False, ament_cmake_args=None, catkin_cmake_args=None, catkin_skip_building_tests=False, verb_parser=<colcon_defaults.argument_parser.defaults.DefaultArgumentsDecorator object at 0x70cb127d11e0>, verb_extension=<colcon_core.verb.build.BuildVerb object at 0x70cb1294a740>, main=<bound method BuildVerb.main of <colcon_core.verb.build.BuildVerb object at 0x70cb1294a740>>)
[0.350s] Level 1:colcon.colcon_core.package_discovery:discover_packages(colcon_meta) check parameters
[0.350s] Level 1:colcon.colcon_core.package_discovery:discover_packages(recursive) check parameters
[0.350s] Level 1:colcon.colcon_core.package_discovery:discover_packages(ignore) check parameters
[0.350s] Level 1:colcon.colcon_core.package_discovery:discover_packages(path) check parameters
[0.350s] Level 1:colcon.colcon_core.package_discovery:discover_packages(colcon_meta) discover
[0.350s] Level 1:colcon.colcon_core.package_discovery:discover_packages(recursive) discover
[0.351s] INFO:colcon.colcon_core.package_discovery:Crawling recursively for packages in '/home/caleb/project3_ws'
[0.351s] Level 1:colcon.colcon_core.package_identification:_identify(.) by extensions ['ignore', 'ignore_ament_install']
[0.351s] Level 1:colcon.colcon_core.package_identification:_identify(.) by extension 'ignore'
[0.351s] Level 1:colcon.colcon_core.package_identification:_identify(.) by extension 'ignore_ament_install'
[0.351s] Level 1:colcon.colcon_core.package_identification:_identify(.) by extensions ['colcon_pkg']
[0.351s] Level 1:colcon.colcon_core.package_identification:_identify(.) by extension 'colcon_pkg'
[0.351s] Level 1:colcon.colcon_core.package_identification:_identify(.) by extensions ['colcon_meta']
[0.351s] Level 1:colcon.colcon_core.package_identification:_identify(.) by extension 'colcon_meta'
[0.351s] Level 1:colcon.colcon_core.package_identification:_identify(.) by extensions ['ros']
[0.351s] Level 1:colcon.colcon_core.package_identification:_identify(.) by extension 'ros'
[0.364s] Level 1:colcon.colcon_core.package_identification:_identify(.) by extensions ['cmake', 'python']
[0.364s] Level 1:colcon.colcon_core.package_identification:_identify(.) by extension 'cmake'
[0.364s] Level 1:colcon.colcon_core.package_identification:_identify(.) by extension 'python'
[0.364s] Level 1:colcon.colcon_core.package_identification:_identify(.) by extensions ['python_setup_py']
[0.364s] Level 1:colcon.colcon_core.package_identification:_identify(.) by extension 'python_setup_py'
[0.364s] Level 1:colcon.colcon_core.package_identification:_identify(build) by extensions ['ignore', 'ignore_ament_install']
[0.364s] Level 1:colcon.colcon_core.package_identification:_identify(build) by extension 'ignore'
[0.364s] Level 1:colcon.colcon_core.package_identification:_identify(build) ignored
[0.365s] Level 1:colcon.colcon_core.package_identification:_identify(install) by extensions ['ignore', 'ignore_ament_install']
[0.365s] Level 1:colcon.colcon_core.package_identification:_identify(install) by extension 'ignore'
[0.365s] Level 1:colcon.colcon_core.package_identification:_identify(install) ignored
[0.365s] Level 1:colcon.colcon_core.package_identification:_identify(log) by extensions ['ignore', 'ignore_ament_install']
[0.365s] Level 1:colcon.colcon_core.package_identification:_identify(log) by extension 'ignore'
[0.365s] Level 1:colcon.colcon_core.package_identification:_identify(log) ignored
[0.365s] Level 1:colcon.colcon_core.package_identification:_identify(src) by extensions ['ignore', 'ignore_ament_install']
[0.365s] Level 1:colcon.colcon_core.package_identification:_identify(src) by extension 'ignore'
[0.365s] Level 1:colcon.colcon_core.package_identification:_identify(src) by extension 'ignore_ament_install'
[0.365s] Level 1:colcon.colcon_core.package_identification:_identify(src) by extensions ['colcon_pkg']
[0.365s] Level 1:colcon.colcon_core.package_identification:_identify(src) by extension 'colcon_pkg'
[0.365s] Level 1:colcon.colcon_core.package_identification:_identify(src) by extensions ['colcon_meta']
[0.365s] Level 1:colcon.colcon_core.package_identification:_identify(src) by extension 'colcon_meta'
[0.365s] Level 1:colcon.colcon_core.package_identification:_identify(src) by extensions ['ros']
[0.366s] Level 1:colcon.colcon_core.package_identification:_identify(src) by extension 'ros'
[0.366s] Level 1:colcon.colcon_core.package_identification:_identify(src) by extensions ['cmake', 'python']
[0.366s] Level 1:colcon.colcon_core.package_identification:_identify(src) by extension 'cmake'
[0.366s] Level 1:colcon.colcon_core.package_identification:_identify(src) by extension 'python'
[0.366s] Level 1:colcon.colcon_core.package_identification:_identify(src) by extensions ['python_setup_py']
[0.366s] Level 1:colcon.colcon_core.package_identification:_identify(src) by extension 'python_setup_py'
[0.366s] Level 1:colcon.colcon_core.package_identification:_identify(src/turtlebot3_project3) by extensions ['ignore', 'ignore_ament_install']
[0.366s] Level 1:colcon.colcon_core.package_identification:_identify(src/turtlebot3_project3) by extension 'ignore'
[0.366s] Level 1:colcon.colcon_core.package_identification:_identify(src/turtlebot3_project3) by extension 'ignore_ament_install'
[0.366s] Level 1:colcon.colcon_core.package_identification:_identify(src/turtlebot3_project3) by extensions ['colcon_pkg']
[0.367s] Level 1:colcon.colcon_core.package_identification:_identify(src/turtlebot3_project3) by extension 'colcon_pkg'
[0.367s] Level 1:colcon.colcon_core.package_identification:_identify(src/turtlebot3_project3) by extensions ['colcon_meta']
[0.367s] Level 1:colcon.colcon_core.package_identification:_identify(src/turtlebot3_project3) by extension 'colcon_meta'
[0.367s] Level 1:colcon.colcon_core.package_identification:_identify(src/turtlebot3_project3) by extensions ['ros']
[0.367s] Level 1:colcon.colcon_core.package_identification:_identify(src/turtlebot3_project3) by extension 'ros'
[0.370s] DEBUG:colcon.colcon_core.package_identification:Package 'src/turtlebot3_project3' with type 'ros.ament_cmake' and name 'turtlebot3_project3'
[0.370s] Level 1:colcon.colcon_core.package_discovery:discover_packages(recursive) using defaults
[0.370s] Level 1:colcon.colcon_core.package_discovery:discover_packages(ignore) discover
[0.370s] Level 1:colcon.colcon_core.package_discovery:discover_packages(ignore) using defaults
[0.370s] Level 1:colcon.colcon_core.package_discovery:discover_packages(path) discover
[0.370s] Level 1:colcon.colcon_core.package_discovery:discover_packages(path) using defaults
[0.411s] Level 1:colcon.colcon_core.package_discovery:discover_packages(prefix_path) check parameters
[0.411s] Level 1:colcon.colcon_core.package_discovery:discover_packages(prefix_path) discover
[0.414s] DEBUG:colcon.colcon_installed_package_information.package_discovery:Found 277 installed packages in /opt/ros/humble
[0.416s] Level 1:colcon.colcon_core.package_discovery:discover_packages(prefix_path) using defaults
[0.459s] Level 5:colcon.colcon_core.verb:set package 'turtlebot3_project3' build argument 'cmake_args' from command line to 'None'
[0.460s] Level 5:colcon.colcon_core.verb:set package 'turtlebot3_project3' build argument 'cmake_target' from command line to 'None'
[0.460s] Level 5:colcon.colcon_core.verb:set package 'turtlebot3_project3' build argument 'cmake_target_skip_unavailable' from command line to 'False'
[0.460s] Level 5:colcon.colcon_core.verb:set package 'turtlebot3_project3' build argument 'cmake_clean_cache' from command line to 'False'
[0.460s] Level 5:colcon.colcon_core.verb:set package 'turtlebot3_project3' build argument 'cmake_clean_first' from command line to 'False'
[0.460s] Level 5:colcon.colcon_core.verb:set package 'turtlebot3_project3' build argument 'cmake_force_configure' from command line to 'False'
[0.460s] Level 5:colcon.colcon_core.verb:set package 'turtlebot3_project3' build argument 'ament_cmake_args' from command line to 'None'
[0.460s] Level 5:colcon.colcon_core.verb:set package 'turtlebot3_project3' build argument 'catkin_cmake_args' from command line to 'None'
[0.460s] Level 5:colcon.colcon_core.verb:set package 'turtlebot3_project3' build argument 'catkin_skip_building_tests' from command line to 'False'
[0.460s] DEBUG:colcon.colcon_core.verb:Building package 'turtlebot3_project3' with the following arguments: {'ament_cmake_args': None, 'build_base': '/home/caleb/project3_ws/build/turtlebot3_project3', 'catkin_cmake_args': None, 'catkin_skip_building_tests': False, 'cmake_args': None, 'cmake_clean_cache': False, 'cmake_clean_first': False, 'cmake_force_configure': False, 'cmake_target': None, 'cmake_target_skip_unavailable': False, 'install_base': '/home/caleb/project3_ws/install/turtlebot3_project3', 'merge_install': False, 'path': '/home/caleb/project3_ws/src/turtlebot3_project3', 'symlink_install': False, 'test_result_base': None}
[0.460s] INFO:colcon.colcon_core.executor:Executing jobs using 'parallel' executor
[0.461s] DEBUG:colcon.colcon_parallel_executor.executor.parallel:run_until_complete
[0.462s] INFO:colcon.colcon_ros.task.ament_cmake.build:Building ROS package in '/home/caleb/project3_ws/src/turtlebot3_project3' with build type 'ament_cmake'
[0.462s] INFO:colcon.colcon_cmake.task.cmake.build:Building CMake package in '/home/caleb/project3_ws/src/turtlebot3_project3'
[0.464s] INFO:colcon.colcon_core.plugin_system:Skipping extension 'colcon_core.shell.bat': Not used on non-Windows systems
[0.464s] INFO:colcon.colcon_core.shell:Skip shell extension 'powershell' for command environment: Not usable outside of PowerShell
[0.464s] DEBUG:colcon.colcon_core.shell:Skip shell extension 'dsv' for command environment
[0.484s] DEBUG:colcon.colcon_core.event_handler.log_command:Invoking command in '/home/caleb/project3_ws/build/turtlebot3_project3': CMAKE_PREFIX_PATH=/opt/ros/humble /usr/bin/cmake --build /home/caleb/project3_ws/build/turtlebot3_project3 -- -j8 -l8
[0.663s] DEBUG:colcon.colcon_core.event_handler.log_command:Invoked command in '/home/caleb/project3_ws/build/turtlebot3_project3' returned '0': CMAKE_PREFIX_PATH=/opt/ros/humble /usr/bin/cmake --build /home/caleb/project3_ws/build/turtlebot3_project3 -- -j8 -l8
[0.741s] DEBUG:colcon.colcon_core.event_handler.log_command:Invoking command in '/home/caleb/project3_ws/build/turtlebot3_project3': CMAKE_PREFIX_PATH=/opt/ros/humble /usr/bin/cmake --install /home/caleb/project3_ws/build/turtlebot3_project3
[0.776s] Level 1:colcon.colcon_core.environment:create_environment_scripts_only(turtlebot3_project3)
[0.777s] DEBUG:colcon.colcon_core.event_handler.log_command:Invoked command in '/home/caleb/project3_ws/build/turtlebot3_project3' returned '0': CMAKE_PREFIX_PATH=/opt/ros/humble /usr/bin/cmake --install /home/caleb/project3_ws/build/turtlebot3_project3
[0.806s] Level 1:colcon.colcon_core.environment:checking '/home/caleb/project3_ws/install/turtlebot3_project3' for CMake module files
[0.808s] Level 1:colcon.colcon_core.environment:checking '/home/caleb/project3_ws/install/turtlebot3_project3' for CMake config files
[0.808s] Level 1:colcon.colcon_core.shell:create_environment_hook('turtlebot3_project3', 'cmake_prefix_path')
[0.809s] INFO:colcon.colcon_core.shell:Creating environment hook '/home/caleb/project3_ws/install/turtlebot3_project3/share/turtlebot3_project3/hook/cmake_prefix_path.ps1'
[0.815s] INFO:colcon.colcon_core.shell:Creating environment descriptor '/home/caleb/project3_ws/install/turtlebot3_project3/share/turtlebot3_project3/hook/cmake_prefix_path.dsv'
[0.816s] INFO:colcon.colcon_core.shell:Creating environment hook '/home/caleb/project3_ws/install/turtlebot3_project3/share/turtlebot3_project3/hook/cmake_prefix_path.sh'
[0.820s] Level 1:colcon.colcon_core.environment:checking '/home/caleb/project3_ws/install/turtlebot3_project3/lib'
[0.820s] Level 1:colcon.colcon_core.environment:checking '/home/caleb/project3_ws/install/turtlebot3_project3/bin'
[0.820s] Level 1:colcon.colcon_core.environment:checking '/home/caleb/project3_ws/install/turtlebot3_project3/lib/pkgconfig/turtlebot3_project3.pc'
[0.821s] Level 1:colcon.colcon_core.environment:checking '/home/caleb/project3_ws/install/turtlebot3_project3/lib/python3.10/site-packages'
[0.821s] Level 1:colcon.colcon_core.environment:checking '/home/caleb/project3_ws/install/turtlebot3_project3/bin'
[0.822s] INFO:colcon.colcon_core.shell:Creating package script '/home/caleb/project3_ws/install/turtlebot3_project3/share/turtlebot3_project3/package.ps1'
[0.823s] INFO:colcon.colcon_core.shell:Creating package descriptor '/home/caleb/project3_ws/install/turtlebot3_project3/share/turtlebot3_project3/package.dsv'
[0.824s] INFO:colcon.colcon_core.shell:Creating package script '/home/caleb/project3_ws/install/turtlebot3_project3/share/turtlebot3_project3/package.sh'
[0.828s] INFO:colcon.colcon_core.shell:Creating package script '/home/caleb/project3_ws/install/turtlebot3_project3/share/turtlebot3_project3/package.bash'
[0.833s] INFO:colcon.colcon_core.shell:Creating package script '/home/caleb/project3_ws/install/turtlebot3_project3/share/turtlebot3_project3/package.zsh'
[0.836s] Level 1:colcon.colcon_core.environment:create_file_with_runtime_dependencies(/home/caleb/project3_ws/install/turtlebot3_project3/share/colcon-core/packages/turtlebot3_project3)
[0.896s] Level 1:colcon.colcon_core.environment:create_environment_scripts_only(turtlebot3_project3)
[0.897s] Level 1:colcon.colcon_core.environment:checking '/home/caleb/project3_ws/install/turtlebot3_project3' for CMake module files
[0.897s] Level 1:colcon.colcon_core.environment:checking '/home/caleb/project3_ws/install/turtlebot3_project3' for CMake config files
[0.898s] Level 1:colcon.colcon_core.shell:create_environment_hook('turtlebot3_project3', 'cmake_prefix_path')
[0.898s] INFO:colcon.colcon_core.shell:Creating environment hook '/home/caleb/project3_ws/install/turtlebot3_project3/share/turtlebot3_project3/hook/cmake_prefix_path.ps1'
[0.898s] INFO:colcon.colcon_core.shell:Creating environment descriptor '/home/caleb/project3_ws/install/turtlebot3_project3/share/turtlebot3_project3/hook/cmake_prefix_path.dsv'
[0.899s] INFO:colcon.colcon_core.shell:Creating environment hook '/home/caleb/project3_ws/install/turtlebot3_project3/share/turtlebot3_project3/hook/cmake_prefix_path.sh'
[0.899s] Level 1:colcon.colcon_core.environment:checking '/home/caleb/project3_ws/install/turtlebot3_project3/lib'
[0.900s] Level 1:colcon.colcon_core.environment:checking '/home/caleb/project3_ws/install/turtlebot3_project3/bin'
[0.900s] Level 1:colcon.colcon_core.environment:checking '/home/caleb/project3_ws/install/turtlebot3_project3/lib/pkgconfig/turtlebot3_project3.pc'
[0.900s] Level 1:colcon.colcon_core.environment:checking '/home/caleb/project3_ws/install/turtlebot3_project3/lib/python3.10/site-packages'
[0.900s] Level 1:colcon.colcon_core.environment:checking '/home/caleb/project3_ws/install/turtlebot3_project3/bin'
[0.900s] INFO:colcon.colcon_core.shell:Creating package script '/home/caleb/project3_ws/install/turtlebot3_project3/share/turtlebot3_project3/package.ps1'
[0.901s] INFO:colcon.colcon_core.shell:Creating package descriptor '/home/caleb/project3_ws/install/turtlebot3_project3/share/turtlebot3_project3/package.dsv'
[0.902s] INFO:colcon.colcon_core.shell:Creating package script '/home/caleb/project3_ws/install/turtlebot3_project3/share/turtlebot3_project3/package.sh'
[0.903s] INFO:colcon.colcon_core.shell:Creating package script '/home/caleb/project3_ws/install/turtlebot3_project3/share/turtlebot3_project3/package.bash'
[0.903s] INFO:colcon.colcon_core.shell:Creating package script '/home/caleb/project3_ws/install/turtlebot3_project3/share/turtlebot3_project3/package.zsh'
[0.904s] Level 1:colcon.colcon_core.environment:create_file_with_runtime_dependencies(/home/caleb/project3_ws/install/turtlebot3_project3/share/colcon-core/packages/turtlebot3_project3)
[0.904s] DEBUG:colcon.colcon_parallel_executor.executor.parallel:closing loop
[0.905s] DEBUG:colcon.colcon_parallel_executor.executor.parallel:loop closed
[0.905s] DEBUG:colcon.colcon_parallel_executor.executor.parallel:run_until_complete finished with '0'
[0.905s] DEBUG:colcon.colcon_core.event_reactor:joining thread
[0.918s] INFO:colcon.colcon_core.plugin_system:Skipping extension 'colcon_notification.desktop_notification.terminal_notifier': Not used on non-Darwin systems
[0.918s] INFO:colcon.colcon_core.plugin_system:Skipping extension 'colcon_notification.desktop_notification.win32': Not used on non-Windows systems
[0.918s] INFO:colcon.colcon_notification.desktop_notification:Sending desktop notification using 'notify2'
[0.964s] DEBUG:colcon.colcon_core.event_reactor:joined thread
[0.964s] INFO:colcon.colcon_core.shell:Creating prefix script '/home/caleb/project3_ws/install/local_setup.ps1'
[0.966s] INFO:colcon.colcon_core.shell:Creating prefix util module '/home/caleb/project3_ws/install/_local_setup_util_ps1.py'
[0.968s] INFO:colcon.colcon_core.shell:Creating prefix chain script '/home/caleb/project3_ws/install/setup.ps1'
[0.971s] INFO:colcon.colcon_core.shell:Creating prefix script '/home/caleb/project3_ws/install/local_setup.sh'
[0.973s] INFO:colcon.colcon_core.shell:Creating prefix util module '/home/caleb/project3_ws/install/_local_setup_util_sh.py'
[0.974s] INFO:colcon.colcon_core.shell:Creating prefix chain script '/home/caleb/project3_ws/install/setup.sh'
[0.976s] INFO:colcon.colcon_core.shell:Creating prefix script '/home/caleb/project3_ws/install/local_setup.bash'
[0.977s] INFO:colcon.colcon_core.shell:Creating prefix chain script '/home/caleb/project3_ws/install/setup.bash'
[0.979s] INFO:colcon.colcon_core.shell:Creating prefix script '/home/caleb/project3_ws/install/local_setup.zsh'
[0.980s] INFO:colcon.colcon_core.shell:Creating prefix chain script '/home/caleb/project3_ws/install/setup.zsh'
