[0.290s] DEBUG:colcon:Command line arguments: ['/usr/bin/colcon', 'build', '--packages-select', 'turtlebot3_project3']
[0.290s] DEBUG:colcon:Parsed command line arguments: Namespace(log_base=None, log_level=None, verb_name='build', build_base='build', install_base='install', merge_install=False, symlink_install=False, test_result_base=None, continue_on_error=False, executor='parallel', parallel_workers=8, event_handlers=None, ignore_user_meta=False, metas=['./colcon.meta'], base_paths=['.'], packages_ignore=None, packages_ignore_regex=None, paths=None, packages_up_to=None, packages_up_to_regex=None, packages_above=None, packages_above_and_dependencies=None, packages_above_depth=None, packages_select_by_dep=None, packages_skip_by_dep=None, packages_skip_up_to=None, packages_select_build_failed=False, packages_skip_build_finished=False, packages_select_test_failures=False, packages_skip_test_passed=False, packages_select=['turtlebot3_project3'], packages_skip=None, packages_select_regex=None, packages_skip_regex=None, packages_start=None, packages_end=None, allow_overriding=[], cmake_args=None, cmake_target=None, cmake_target_skip_unavailable=False, cmake_clean_cache=False, cmake_clean_first=False, cmake_force_configure=False, ament_cmake_args=None, catkin_cmake_args=None, catkin_skip_building_tests=False, verb_parser=<colcon_defaults.argument_parser.defaults.DefaultArgumentsDecorator object at 0x7a8860e2d1b0>, verb_extension=<colcon_core.verb.build.BuildVerb object at 0x7a8860fa6710>, main=<bound method BuildVerb.main of <colcon_core.verb.build.BuildVerb object at 0x7a8860fa6710>>)
[0.583s] Level 1:colcon.colcon_core.package_discovery:discover_packages(colcon_meta) check parameters
[0.584s] Level 1:colcon.colcon_core.package_discovery:discover_packages(recursive) check parameters
[0.584s] Level 1:colcon.colcon_core.package_discovery:discover_packages(ignore) check parameters
[0.584s] Level 1:colcon.colcon_core.package_discovery:discover_packages(path) check parameters
[0.584s] Level 1:colcon.colcon_core.package_discovery:discover_packages(colcon_meta) discover
[0.584s] Level 1:colcon.colcon_core.package_discovery:discover_packages(recursive) discover
[0.584s] INFO:colcon.colcon_core.package_discovery:Crawling recursively for packages in '/home/caleb/project3_ws'
[0.584s] Level 1:colcon.colcon_core.package_identification:_identify(.) by extensions ['ignore', 'ignore_ament_install']
[0.584s] Level 1:colcon.colcon_core.package_identification:_identify(.) by extension 'ignore'
[0.584s] Level 1:colcon.colcon_core.package_identification:_identify(.) by extension 'ignore_ament_install'
[0.584s] Level 1:colcon.colcon_core.package_identification:_identify(.) by extensions ['colcon_pkg']
[0.584s] Level 1:colcon.colcon_core.package_identification:_identify(.) by extension 'colcon_pkg'
[0.584s] Level 1:colcon.colcon_core.package_identification:_identify(.) by extensions ['colcon_meta']
[0.584s] Level 1:colcon.colcon_core.package_identification:_identify(.) by extension 'colcon_meta'
[0.584s] Level 1:colcon.colcon_core.package_identification:_identify(.) by extensions ['ros']
[0.584s] Level 1:colcon.colcon_core.package_identification:_identify(.) by extension 'ros'
[0.603s] Level 1:colcon.colcon_core.package_identification:_identify(.) by extensions ['cmake', 'python']
[0.603s] Level 1:colcon.colcon_core.package_identification:_identify(.) by extension 'cmake'
[0.603s] Level 1:colcon.colcon_core.package_identification:_identify(.) by extension 'python'
[0.603s] Level 1:colcon.colcon_core.package_identification:_identify(.) by extensions ['python_setup_py']
[0.603s] Level 1:colcon.colcon_core.package_identification:_identify(.) by extension 'python_setup_py'
[0.603s] Level 1:colcon.colcon_core.package_identification:_identify(build) by extensions ['ignore', 'ignore_ament_install']
[0.603s] Level 1:colcon.colcon_core.package_identification:_identify(build) by extension 'ignore'
[0.603s] Level 1:colcon.colcon_core.package_identification:_identify(build) ignored
[0.603s] Level 1:colcon.colcon_core.package_identification:_identify(install) by extensions ['ignore', 'ignore_ament_install']
[0.603s] Level 1:colcon.colcon_core.package_identification:_identify(install) by extension 'ignore'
[0.604s] Level 1:colcon.colcon_core.package_identification:_identify(install) ignored
[0.604s] Level 1:colcon.colcon_core.package_identification:_identify(log) by extensions ['ignore', 'ignore_ament_install']
[0.604s] Level 1:colcon.colcon_core.package_identification:_identify(log) by extension 'ignore'
[0.604s] Level 1:colcon.colcon_core.package_identification:_identify(log) ignored
[0.604s] Level 1:colcon.colcon_core.package_identification:_identify(src) by extensions ['ignore', 'ignore_ament_install']
[0.604s] Level 1:colcon.colcon_core.package_identification:_identify(src) by extension 'ignore'
[0.604s] Level 1:colcon.colcon_core.package_identification:_identify(src) by extension 'ignore_ament_install'
[0.604s] Level 1:colcon.colcon_core.package_identification:_identify(src) by extensions ['colcon_pkg']
[0.604s] Level 1:colcon.colcon_core.package_identification:_identify(src) by extension 'colcon_pkg'
[0.604s] Level 1:colcon.colcon_core.package_identification:_identify(src) by extensions ['colcon_meta']
[0.604s] Level 1:colcon.colcon_core.package_identification:_identify(src) by extension 'colcon_meta'
[0.604s] Level 1:colcon.colcon_core.package_identification:_identify(src) by extensions ['ros']
[0.604s] Level 1:colcon.colcon_core.package_identification:_identify(src) by extension 'ros'
[0.604s] Level 1:colcon.colcon_core.package_identification:_identify(src) by extensions ['cmake', 'python']
[0.605s] Level 1:colcon.colcon_core.package_identification:_identify(src) by extension 'cmake'
[0.605s] Level 1:colcon.colcon_core.package_identification:_identify(src) by extension 'python'
[0.605s] Level 1:colcon.colcon_core.package_identification:_identify(src) by extensions ['python_setup_py']
[0.605s] Level 1:colcon.colcon_core.package_identification:_identify(src) by extension 'python_setup_py'
[0.605s] Level 1:colcon.colcon_core.package_identification:_identify(src/turtlebot3_project3) by extensions ['ignore', 'ignore_ament_install']
[0.605s] Level 1:colcon.colcon_core.package_identification:_identify(src/turtlebot3_project3) by extension 'ignore'
[0.605s] Level 1:colcon.colcon_core.package_identification:_identify(src/turtlebot3_project3) by extension 'ignore_ament_install'
[0.605s] Level 1:colcon.colcon_core.package_identification:_identify(src/turtlebot3_project3) by extensions ['colcon_pkg']
[0.605s] Level 1:colcon.colcon_core.package_identification:_identify(src/turtlebot3_project3) by extension 'colcon_pkg'
[0.605s] Level 1:colcon.colcon_core.package_identification:_identify(src/turtlebot3_project3) by extensions ['colcon_meta']
[0.605s] Level 1:colcon.colcon_core.package_identification:_identify(src/turtlebot3_project3) by extension 'colcon_meta'
[0.605s] Level 1:colcon.colcon_core.package_identification:_identify(src/turtlebot3_project3) by extensions ['ros']
[0.605s] Level 1:colcon.colcon_core.package_identification:_identify(src/turtlebot3_project3) by extension 'ros'
[0.609s] DEBUG:colcon.colcon_core.package_identification:Package 'src/turtlebot3_project3' with type 'ros.ament_cmake' and name 'turtlebot3_project3'
[0.610s] Level 1:colcon.colcon_core.package_discovery:discover_packages(recursive) using defaults
[0.610s] Level 1:colcon.colcon_core.package_discovery:discover_packages(ignore) discover
[0.610s] Level 1:colcon.colcon_core.package_discovery:discover_packages(ignore) using defaults
[0.610s] Level 1:colcon.colcon_core.package_discovery:discover_packages(path) discover
[0.610s] Level 1:colcon.colcon_core.package_discovery:discover_packages(path) using defaults
[0.637s] Level 1:colcon.colcon_core.package_discovery:discover_packages(prefix_path) check parameters
[0.637s] Level 1:colcon.colcon_core.package_discovery:discover_packages(prefix_path) discover
[0.641s] DEBUG:colcon.colcon_installed_package_information.package_discovery:Found 277 installed packages in /opt/ros/humble
[0.662s] Level 1:colcon.colcon_core.package_discovery:discover_packages(prefix_path) using defaults
[0.706s] Level 5:colcon.colcon_core.verb:set package 'turtlebot3_project3' build argument 'cmake_args' from command line to 'None'
[0.706s] Level 5:colcon.colcon_core.verb:set package 'turtlebot3_project3' build argument 'cmake_target' from command line to 'None'
[0.706s] Level 5:colcon.colcon_core.verb:set package 'turtlebot3_project3' build argument 'cmake_target_skip_unavailable' from command line to 'False'
[0.706s] Level 5:colcon.colcon_core.verb:set package 'turtlebot3_project3' build argument 'cmake_clean_cache' from command line to 'False'
[0.706s] Level 5:colcon.colcon_core.verb:set package 'turtlebot3_project3' build argument 'cmake_clean_first' from command line to 'False'
[0.706s] Level 5:colcon.colcon_core.verb:set package 'turtlebot3_project3' build argument 'cmake_force_configure' from command line to 'False'
[0.706s] Level 5:colcon.colcon_core.verb:set package 'turtlebot3_project3' build argument 'ament_cmake_args' from command line to 'None'
[0.706s] Level 5:colcon.colcon_core.verb:set package 'turtlebot3_project3' build argument 'catkin_cmake_args' from command line to 'None'
[0.706s] Level 5:colcon.colcon_core.verb:set package 'turtlebot3_project3' build argument 'catkin_skip_building_tests' from command line to 'False'
[0.706s] DEBUG:colcon.colcon_core.verb:Building package 'turtlebot3_project3' with the following arguments: {'ament_cmake_args': None, 'build_base': '/home/caleb/project3_ws/build/turtlebot3_project3', 'catkin_cmake_args': None, 'catkin_skip_building_tests': False, 'cmake_args': None, 'cmake_clean_cache': False, 'cmake_clean_first': False, 'cmake_force_configure': False, 'cmake_target': None, 'cmake_target_skip_unavailable': False, 'install_base': '/home/caleb/project3_ws/install/turtlebot3_project3', 'merge_install': False, 'path': '/home/caleb/project3_ws/src/turtlebot3_project3', 'symlink_install': False, 'test_result_base': None}
[0.706s] INFO:colcon.colcon_core.executor:Executing jobs using 'parallel' executor
[0.708s] DEBUG:colcon.colcon_parallel_executor.executor.parallel:run_until_complete
[0.708s] INFO:colcon.colcon_ros.task.ament_cmake.build:Building ROS package in '/home/caleb/project3_ws/src/turtlebot3_project3' with build type 'ament_cmake'
[0.708s] INFO:colcon.colcon_cmake.task.cmake.build:Building CMake package in '/home/caleb/project3_ws/src/turtlebot3_project3'
[0.712s] INFO:colcon.colcon_core.plugin_system:Skipping extension 'colcon_core.shell.bat': Not used on non-Windows systems
[0.713s] INFO:colcon.colcon_core.shell:Skip shell extension 'powershell' for command environment: Not usable outside of PowerShell
[0.713s] DEBUG:colcon.colcon_core.shell:Skip shell extension 'dsv' for command environment
[0.728s] DEBUG:colcon.colcon_core.event_handler.log_command:Invoking command in '/home/caleb/project3_ws/build/turtlebot3_project3': CMAKE_PREFIX_PATH=/opt/ros/humble /usr/bin/cmake --build /home/caleb/project3_ws/build/turtlebot3_project3 -- -j8 -l8
[0.953s] DEBUG:colcon.colcon_core.event_handler.log_command:Invoked command in '/home/caleb/project3_ws/build/turtlebot3_project3' returned '0': CMAKE_PREFIX_PATH=/opt/ros/humble /usr/bin/cmake --build /home/caleb/project3_ws/build/turtlebot3_project3 -- -j8 -l8
[1.027s] DEBUG:colcon.colcon_core.event_handler.log_command:Invoking command in '/home/caleb/project3_ws/build/turtlebot3_project3': CMAKE_PREFIX_PATH=/opt/ros/humble /usr/bin/cmake --install /home/caleb/project3_ws/build/turtlebot3_project3
[1.061s] Level 1:colcon.colcon_core.environment:create_environment_scripts_only(turtlebot3_project3)
[1.062s] DEBUG:colcon.colcon_core.event_handler.log_command:Invoked command in '/home/caleb/project3_ws/build/turtlebot3_project3' returned '0': CMAKE_PREFIX_PATH=/opt/ros/humble /usr/bin/cmake --install /home/caleb/project3_ws/build/turtlebot3_project3
[1.070s] Level 1:colcon.colcon_core.environment:checking '/home/caleb/project3_ws/install/turtlebot3_project3' for CMake module files
[1.072s] Level 1:colcon.colcon_core.environment:checking '/home/caleb/project3_ws/install/turtlebot3_project3' for CMake config files
[1.072s] Level 1:colcon.colcon_core.shell:create_environment_hook('turtlebot3_project3', 'cmake_prefix_path')
[1.073s] INFO:colcon.colcon_core.shell:Creating environment hook '/home/caleb/project3_ws/install/turtlebot3_project3/share/turtlebot3_project3/hook/cmake_prefix_path.ps1'
[1.074s] INFO:colcon.colcon_core.shell:Creating environment descriptor '/home/caleb/project3_ws/install/turtlebot3_project3/share/turtlebot3_project3/hook/cmake_prefix_path.dsv'
[1.074s] INFO:colcon.colcon_core.shell:Creating environment hook '/home/caleb/project3_ws/install/turtlebot3_project3/share/turtlebot3_project3/hook/cmake_prefix_path.sh'
[1.076s] Level 1:colcon.colcon_core.environment:checking '/home/caleb/project3_ws/install/turtlebot3_project3/lib'
[1.076s] Level 1:colcon.colcon_core.environment:checking '/home/caleb/project3_ws/install/turtlebot3_project3/bin'
[1.076s] Level 1:colcon.colcon_core.environment:checking '/home/caleb/project3_ws/install/turtlebot3_project3/lib/pkgconfig/turtlebot3_project3.pc'
[1.077s] Level 1:colcon.colcon_core.environment:checking '/home/caleb/project3_ws/install/turtlebot3_project3/lib/python3.10/site-packages'
[1.077s] Level 1:colcon.colcon_core.environment:checking '/home/caleb/project3_ws/install/turtlebot3_project3/bin'
[1.077s] INFO:colcon.colcon_core.shell:Creating package script '/home/caleb/project3_ws/install/turtlebot3_project3/share/turtlebot3_project3/package.ps1'
[1.079s] INFO:colcon.colcon_core.shell:Creating package descriptor '/home/caleb/project3_ws/install/turtlebot3_project3/share/turtlebot3_project3/package.dsv'
[1.081s] INFO:colcon.colcon_core.shell:Creating package script '/home/caleb/project3_ws/install/turtlebot3_project3/share/turtlebot3_project3/package.sh'
[1.083s] INFO:colcon.colcon_core.shell:Creating package script '/home/caleb/project3_ws/install/turtlebot3_project3/share/turtlebot3_project3/package.bash'
[1.084s] INFO:colcon.colcon_core.shell:Creating package script '/home/caleb/project3_ws/install/turtlebot3_project3/share/turtlebot3_project3/package.zsh'
[1.086s] Level 1:colcon.colcon_core.environment:create_file_with_runtime_dependencies(/home/caleb/project3_ws/install/turtlebot3_project3/share/colcon-core/packages/turtlebot3_project3)
[1.137s] Level 1:colcon.colcon_core.environment:create_environment_scripts_only(turtlebot3_project3)
[1.138s] Level 1:colcon.colcon_core.environment:checking '/home/caleb/project3_ws/install/turtlebot3_project3' for CMake module files
[1.139s] Level 1:colcon.colcon_core.environment:checking '/home/caleb/project3_ws/install/turtlebot3_project3' for CMake config files
[1.139s] Level 1:colcon.colcon_core.shell:create_environment_hook('turtlebot3_project3', 'cmake_prefix_path')
[1.139s] INFO:colcon.colcon_core.shell:Creating environment hook '/home/caleb/project3_ws/install/turtlebot3_project3/share/turtlebot3_project3/hook/cmake_prefix_path.ps1'
[1.140s] INFO:colcon.colcon_core.shell:Creating environment descriptor '/home/caleb/project3_ws/install/turtlebot3_project3/share/turtlebot3_project3/hook/cmake_prefix_path.dsv'
[1.141s] INFO:colcon.colcon_core.shell:Creating environment hook '/home/caleb/project3_ws/install/turtlebot3_project3/share/turtlebot3_project3/hook/cmake_prefix_path.sh'
[1.141s] Level 1:colcon.colcon_core.environment:checking '/home/caleb/project3_ws/install/turtlebot3_project3/lib'
[1.141s] Level 1:colcon.colcon_core.environment:checking '/home/caleb/project3_ws/install/turtlebot3_project3/bin'
[1.142s] Level 1:colcon.colcon_core.environment:checking '/home/caleb/project3_ws/install/turtlebot3_project3/lib/pkgconfig/turtlebot3_project3.pc'
[1.142s] Level 1:colcon.colcon_core.environment:checking '/home/caleb/project3_ws/install/turtlebot3_project3/lib/python3.10/site-packages'
[1.142s] Level 1:colcon.colcon_core.environment:checking '/home/caleb/project3_ws/install/turtlebot3_project3/bin'
[1.143s] INFO:colcon.colcon_core.shell:Creating package script '/home/caleb/project3_ws/install/turtlebot3_project3/share/turtlebot3_project3/package.ps1'
[1.144s] INFO:colcon.colcon_core.shell:Creating package descriptor '/home/caleb/project3_ws/install/turtlebot3_project3/share/turtlebot3_project3/package.dsv'
[1.145s] INFO:colcon.colcon_core.shell:Creating package script '/home/caleb/project3_ws/install/turtlebot3_project3/share/turtlebot3_project3/package.sh'
[1.146s] INFO:colcon.colcon_core.shell:Creating package script '/home/caleb/project3_ws/install/turtlebot3_project3/share/turtlebot3_project3/package.bash'
[1.146s] INFO:colcon.colcon_core.shell:Creating package script '/home/caleb/project3_ws/install/turtlebot3_project3/share/turtlebot3_project3/package.zsh'
[1.147s] Level 1:colcon.colcon_core.environment:create_file_with_runtime_dependencies(/home/caleb/project3_ws/install/turtlebot3_project3/share/colcon-core/packages/turtlebot3_project3)
[1.147s] DEBUG:colcon.colcon_parallel_executor.executor.parallel:closing loop
[1.148s] DEBUG:colcon.colcon_parallel_executor.executor.parallel:loop closed
[1.148s] DEBUG:colcon.colcon_parallel_executor.executor.parallel:run_until_complete finished with '0'
[1.148s] DEBUG:colcon.colcon_core.event_reactor:joining thread
[1.158s] INFO:colcon.colcon_core.plugin_system:Skipping extension 'colcon_notification.desktop_notification.terminal_notifier': Not used on non-Darwin systems
[1.158s] INFO:colcon.colcon_core.plugin_system:Skipping extension 'colcon_notification.desktop_notification.win32': Not used on non-Windows systems
[1.158s] INFO:colcon.colcon_notification.desktop_notification:Sending desktop notification using 'notify2'
[1.189s] DEBUG:colcon.colcon_core.event_reactor:joined thread
[1.190s] INFO:colcon.colcon_core.shell:Creating prefix script '/home/caleb/project3_ws/install/local_setup.ps1'
[1.192s] INFO:colcon.colcon_core.shell:Creating prefix util module '/home/caleb/project3_ws/install/_local_setup_util_ps1.py'
[1.195s] INFO:colcon.colcon_core.shell:Creating prefix chain script '/home/caleb/project3_ws/install/setup.ps1'
[1.198s] INFO:colcon.colcon_core.shell:Creating prefix script '/home/caleb/project3_ws/install/local_setup.sh'
[1.199s] INFO:colcon.colcon_core.shell:Creating prefix util module '/home/caleb/project3_ws/install/_local_setup_util_sh.py'
[1.200s] INFO:colcon.colcon_core.shell:Creating prefix chain script '/home/caleb/project3_ws/install/setup.sh'
[1.202s] INFO:colcon.colcon_core.shell:Creating prefix script '/home/caleb/project3_ws/install/local_setup.bash'
[1.203s] INFO:colcon.colcon_core.shell:Creating prefix chain script '/home/caleb/project3_ws/install/setup.bash'
[1.206s] INFO:colcon.colcon_core.shell:Creating prefix script '/home/caleb/project3_ws/install/local_setup.zsh'
[1.207s] INFO:colcon.colcon_core.shell:Creating prefix chain script '/home/caleb/project3_ws/install/setup.zsh'
