[0.027s] Invoking command in '/home/caleb/project3_ws/build/turtlebot3_project3': CMAKE_PREFIX_PATH=${CMAKE_PREFIX_PATH}:/opt/ros/humble /usr/bin/cmake --build /home/caleb/project3_ws/build/turtlebot3_project3 -- -j8 -l8
[0.093s] -- Found ament_cmake: 1.3.8 (/opt/ros/humble/share/ament_cmake/cmake)
[0.330s] [33mCMake Warning (dev) at /usr/share/cmake-3.22/Modules/FindPackageHandleStandardArgs.cmake:438 (message):
[0.330s]   The package name passed to `find_package_handle_standard_args` (PkgConfig)
[0.330s]   does not match the name of the calling package (gazebo).  This can lead to
[0.330s]   problems in calling code that expects `find_package` result variables
[0.331s]   (e.g., `_FOUND`) to follow a certain pattern.
[0.331s] Call Stack (most recent call first):
[0.331s]   /usr/share/cmake-3.22/Modules/FindPkgConfig.cmake:99 (find_package_handle_standard_args)
[0.331s]   /usr/lib/x86_64-linux-gnu/cmake/gazebo/gazebo-config.cmake:72 (include)
[0.331s]   CMakeLists.txt:23 (find_package)
[0.331s] This warning is for project developers.  Use -Wno-dev to suppress it.
[0.332s] [0m
[0.383s] -- Found DART: /usr/include (Required is at least version "6.6") found components: dart 
[0.448s] -- Found Protobuf: /usr/lib/x86_64-linux-gnu/libprotobuf.so (found version "3.12.4") 
[0.451s] -- Looking for ignition-math6 -- found version 6.15.1
[0.465s] -- Searching for dependencies of ignition-math6
[0.469s] -- Looking for OGRE...
[0.480s] -- Found Ogre Ghadamon (1.9.0)
[0.480s] -- Found OGRE: optimized;/usr/lib/x86_64-linux-gnu/libOgreMain.so;debug;/usr/lib/x86_64-linux-gnu/libOgreMain.so
[0.497s] -- Looking for OGRE_Paging...
[0.497s] -- Found OGRE_Paging: optimized;/usr/lib/x86_64-linux-gnu/libOgrePaging.so;debug;/usr/lib/x86_64-linux-gnu/libOgrePaging.so
[0.497s] -- Looking for OGRE_Terrain...
[0.498s] -- Found OGRE_Terrain: optimized;/usr/lib/x86_64-linux-gnu/libOgreTerrain.so;debug;/usr/lib/x86_64-linux-gnu/libOgreTerrain.so
[0.498s] -- Looking for OGRE_Property...
[0.498s] -- Found OGRE_Property: optimized;/usr/lib/x86_64-linux-gnu/libOgreProperty.so;debug;/usr/lib/x86_64-linux-gnu/libOgreProperty.so
[0.499s] -- Looking for OGRE_RTShaderSystem...
[0.499s] -- Found OGRE_RTShaderSystem: optimized;/usr/lib/x86_64-linux-gnu/libOgreRTShaderSystem.so;debug;/usr/lib/x86_64-linux-gnu/libOgreRTShaderSystem.so
[0.499s] -- Looking for OGRE_Volume...
[0.499s] -- Found OGRE_Volume: optimized;/usr/lib/x86_64-linux-gnu/libOgreVolume.so;debug;/usr/lib/x86_64-linux-gnu/libOgreVolume.so
[0.499s] -- Looking for OGRE_Overlay...
[0.500s] -- Found OGRE_Overlay: optimized;/usr/lib/x86_64-linux-gnu/libOgreOverlay.so;debug;/usr/lib/x86_64-linux-gnu/libOgreOverlay.so
[0.730s] -- Looking for ignition-math6 -- found version 6.15.1
[0.731s] -- Looking for ignition-transport8 -- found version 8.2.1
[0.732s] -- Searching for dependencies of ignition-transport8
[0.764s] -- Found Protobuf: /usr/lib/x86_64-linux-gnu/libprotobuf.so (found suitable version "3.12.4", minimum required is "3") 
[0.782s] -- Config-file not installed for ZeroMQ -- checking for pkg-config
[0.789s] -- Checking for module 'libzmq >= 4'
[0.822s] --   Found libzmq , version 4.3.4
[0.951s] -- Checking for module 'uuid'
[0.981s] --   Found uuid, version 2.37.2
[1.058s] -- Looking for ignition-msgs5 -- found version 5.8.1
[1.059s] -- Searching for dependencies of ignition-msgs5
[1.093s] -- Looking for ignition-math6 -- found version 6.15.1
[1.104s] -- Checking for module 'tinyxml2'
[1.132s] --   Found tinyxml2, version 9.0.0
[1.216s] -- Looking for ignition-msgs5 -- found version 5.8.1
[1.217s] -- Looking for ignition-common3 -- found version 3.14.0
[1.218s] -- Searching for dependencies of ignition-common3
[1.219s] -- Looking for dlfcn.h - found
[1.219s] -- Looking for libdl - found
[1.246s] -- Searching for <ignition-common3> component [graphics]
[1.247s] -- Looking for ignition-common3-graphics -- found version 3.14.0
[1.248s] -- Searching for dependencies of ignition-common3-graphics
[1.248s] -- Looking for ignition-math6 -- found version 6.15.1
[1.251s] -- Looking for ignition-fuel_tools4 -- found version 4.4.0
[1.251s] -- Searching for dependencies of ignition-fuel_tools4
[1.326s] -- Checking for module 'jsoncpp'
[1.358s] --   Found jsoncpp, version 1.9.5
[1.463s] -- Checking for module 'libzip'
[1.495s] --   Found libzip, version 1.7.3
[1.570s] -- Looking for ignition-common3 -- found version 3.14.0
[1.570s] -- Looking for ignition-math6 -- found version 6.15.1
[1.571s] -- Looking for ignition-msgs5 -- found version 5.8.1
[1.575s] -- Found gazebo_ros_pkgs: 3.7.0 (/opt/ros/humble/share/gazebo_ros_pkgs/cmake)
[1.576s] -- Found geometry_msgs: 4.2.3 (/opt/ros/humble/share/geometry_msgs/cmake)
[1.623s] -- Found rosidl_generator_c: 3.1.5 (/opt/ros/humble/share/rosidl_generator_c/cmake)
[1.631s] -- Found rosidl_adapter: 3.1.5 (/opt/ros/humble/share/rosidl_adapter/cmake)
[1.647s] -- Found rosidl_generator_cpp: 3.1.5 (/opt/ros/humble/share/rosidl_generator_cpp/cmake)
[1.671s] -- Using all available rosidl_typesupport_c: rosidl_typesupport_fastrtps_c;rosidl_typesupport_introspection_c
[1.704s] -- Using all available rosidl_typesupport_cpp: rosidl_typesupport_fastrtps_cpp;rosidl_typesupport_introspection_cpp
[1.919s] -- Found nav_msgs: 4.2.3 (/opt/ros/humble/share/nav_msgs/cmake)
[2.063s] -- Found rclcpp: 16.0.8 (/opt/ros/humble/share/rclcpp/cmake)
[2.157s] -- Found rmw_implementation_cmake: 6.1.1 (/opt/ros/humble/share/rmw_implementation_cmake/cmake)
[2.160s] -- Found rmw_fastrtps_cpp: 6.2.6 (/opt/ros/humble/share/rmw_fastrtps_cpp/cmake)
[2.371s] -- Using RMW implementation 'rmw_fastrtps_cpp' as default
[2.606s] -- Found sensor_msgs: 4.2.3 (/opt/ros/humble/share/sensor_msgs/cmake)
[2.746s] -- Found tf2: 0.25.6 (/opt/ros/humble/share/tf2/cmake)
[2.882s] -- Configuring done
[2.908s] -- Generating done
[2.912s] -- Build files have been written to: /home/caleb/project3_ws/build/turtlebot3_project3
[2.969s] [35m[1mConsolidate compiler generated dependencies of target turtlebot3_drive[0m
[3.002s] [100%] Built target turtlebot3_drive
[3.027s] Invoked command in '/home/caleb/project3_ws/build/turtlebot3_project3' returned '0': CMAKE_PREFIX_PATH=${CMAKE_PREFIX_PATH}:/opt/ros/humble /usr/bin/cmake --build /home/caleb/project3_ws/build/turtlebot3_project3 -- -j8 -l8
[3.094s] Invoking command in '/home/caleb/project3_ws/build/turtlebot3_project3': CMAKE_PREFIX_PATH=${CMAKE_PREFIX_PATH}:/opt/ros/humble /usr/bin/cmake --install /home/caleb/project3_ws/build/turtlebot3_project3
[3.107s] -- Install configuration: ""
[3.107s] -- Up-to-date: /home/caleb/project3_ws/install/turtlebot3_project3/lib/turtlebot3_project3/turtlebot3_drive
[3.107s] -- Up-to-date: /home/caleb/project3_ws/install/turtlebot3_project3/share/turtlebot3_project3//launch
[3.108s] -- Up-to-date: /home/caleb/project3_ws/install/turtlebot3_project3/share/turtlebot3_project3//launch/robot_state_publisher.launch.py
[3.108s] -- Up-to-date: /home/caleb/project3_ws/install/turtlebot3_project3/share/turtlebot3_project3//launch/competition_world.launch.py
[3.109s] -- Up-to-date: /home/caleb/project3_ws/install/turtlebot3_project3/share/turtlebot3_project3//launch/empty_world.launch.py
[3.109s] -- Up-to-date: /home/caleb/project3_ws/install/turtlebot3_project3/share/turtlebot3_project3//launch/spawn_turtlebot3.launch.py
[3.110s] -- Up-to-date: /home/caleb/project3_ws/install/turtlebot3_project3/share/turtlebot3_project3//models
[3.110s] -- Up-to-date: /home/caleb/project3_ws/install/turtlebot3_project3/share/turtlebot3_project3//models/turtlebot3_waffle
[3.110s] -- Up-to-date: /home/caleb/project3_ws/install/turtlebot3_project3/share/turtlebot3_project3//models/turtlebot3_waffle/model.sdf
[3.110s] -- Up-to-date: /home/caleb/project3_ws/install/turtlebot3_project3/share/turtlebot3_project3//models/turtlebot3_waffle/model.config
[3.110s] -- Up-to-date: /home/caleb/project3_ws/install/turtlebot3_project3/share/turtlebot3_project3//models/turtlebot3_waffle/model-1_4.sdf
[3.111s] -- Up-to-date: /home/caleb/project3_ws/install/turtlebot3_project3/share/turtlebot3_project3//models/turtlebot3_common
[3.111s] -- Up-to-date: /home/caleb/project3_ws/install/turtlebot3_project3/share/turtlebot3_project3//models/turtlebot3_common/meshes
[3.111s] -- Up-to-date: /home/caleb/project3_ws/install/turtlebot3_project3/share/turtlebot3_project3//models/turtlebot3_common/meshes/waffle_pi_base.dae
[3.111s] -- Up-to-date: /home/caleb/project3_ws/install/turtlebot3_project3/share/turtlebot3_project3//models/turtlebot3_common/meshes/r200.dae
[3.111s] -- Up-to-date: /home/caleb/project3_ws/install/turtlebot3_project3/share/turtlebot3_project3//models/turtlebot3_common/meshes/lds.dae
[3.111s] -- Up-to-date: /home/caleb/project3_ws/install/turtlebot3_project3/share/turtlebot3_project3//models/turtlebot3_common/meshes/tire.dae
[3.111s] -- Up-to-date: /home/caleb/project3_ws/install/turtlebot3_project3/share/turtlebot3_project3//models/turtlebot3_common/meshes/burger_base.dae
[3.112s] -- Up-to-date: /home/caleb/project3_ws/install/turtlebot3_project3/share/turtlebot3_project3//models/turtlebot3_common/meshes/waffle_base.dae
[3.112s] -- Up-to-date: /home/caleb/project3_ws/install/turtlebot3_project3/share/turtlebot3_project3//models/turtlebot3_common/model.config
[3.112s] -- Up-to-date: /home/caleb/project3_ws/install/turtlebot3_project3/share/turtlebot3_project3//models/turtlebot3_world
[3.112s] -- Up-to-date: /home/caleb/project3_ws/install/turtlebot3_project3/share/turtlebot3_project3//models/turtlebot3_world/meshes
[3.112s] -- Up-to-date: /home/caleb/project3_ws/install/turtlebot3_project3/share/turtlebot3_project3//models/turtlebot3_world/meshes/wall.dae
[3.112s] -- Up-to-date: /home/caleb/project3_ws/install/turtlebot3_project3/share/turtlebot3_project3//models/turtlebot3_world/meshes/hexagon.dae
[3.112s] -- Up-to-date: /home/caleb/project3_ws/install/turtlebot3_project3/share/turtlebot3_project3//models/turtlebot3_world/model.sdf
[3.113s] -- Up-to-date: /home/caleb/project3_ws/install/turtlebot3_project3/share/turtlebot3_project3//models/turtlebot3_world/model.config
[3.113s] -- Up-to-date: /home/caleb/project3_ws/install/turtlebot3_project3/share/turtlebot3_project3//models/turtlebot3_world/model-1_4.sdf
[3.113s] -- Up-to-date: /home/caleb/project3_ws/install/turtlebot3_project3/share/turtlebot3_project3//rviz
[3.113s] -- Up-to-date: /home/caleb/project3_ws/install/turtlebot3_project3/share/turtlebot3_project3//rviz/tb3_gazebo.rviz
[3.113s] -- Up-to-date: /home/caleb/project3_ws/install/turtlebot3_project3/share/turtlebot3_project3//urdf
[3.113s] -- Up-to-date: /home/caleb/project3_ws/install/turtlebot3_project3/share/turtlebot3_project3//urdf/common_properties.urdf
[3.113s] -- Up-to-date: /home/caleb/project3_ws/install/turtlebot3_project3/share/turtlebot3_project3//urdf/turtlebot3_waffle.urdf
[3.113s] -- Up-to-date: /home/caleb/project3_ws/install/turtlebot3_project3/share/turtlebot3_project3//worlds
[3.113s] -- Up-to-date: /home/caleb/project3_ws/install/turtlebot3_project3/share/turtlebot3_project3//worlds/competition_world.world
[3.113s] -- Up-to-date: /home/caleb/project3_ws/install/turtlebot3_project3/share/turtlebot3_project3//worlds/empty_world.world
[3.114s] -- Up-to-date: /home/caleb/project3_ws/install/turtlebot3_project3/include/
[3.114s] -- Up-to-date: /home/caleb/project3_ws/install/turtlebot3_project3/include//turtlebot3_project3
[3.114s] -- Up-to-date: /home/caleb/project3_ws/install/turtlebot3_project3/include//turtlebot3_project3/turtlebot3_drive.hpp
[3.114s] -- Up-to-date: /home/caleb/project3_ws/install/turtlebot3_project3/lib/turtlebot3_project3/teleop.py
[3.114s] -- Installing: /home/caleb/project3_ws/install/turtlebot3_project3/lib/turtlebot3_project3/path_plan.py
[3.114s] -- Up-to-date: /home/caleb/project3_ws/install/turtlebot3_project3/share/ament_index/resource_index/package_run_dependencies/turtlebot3_project3
[3.114s] -- Installing: /home/caleb/project3_ws/install/turtlebot3_project3/share/ament_index/resource_index/parent_prefix_path/turtlebot3_project3
[3.114s] -- Up-to-date: /home/caleb/project3_ws/install/turtlebot3_project3/share/turtlebot3_project3/environment/ament_prefix_path.sh
[3.114s] -- Installing: /home/caleb/project3_ws/install/turtlebot3_project3/share/turtlebot3_project3/environment/ament_prefix_path.dsv
[3.115s] -- Up-to-date: /home/caleb/project3_ws/install/turtlebot3_project3/share/turtlebot3_project3/environment/path.sh
[3.115s] -- Installing: /home/caleb/project3_ws/install/turtlebot3_project3/share/turtlebot3_project3/environment/path.dsv
[3.116s] -- Up-to-date: /home/caleb/project3_ws/install/turtlebot3_project3/share/turtlebot3_project3/local_setup.bash
[3.116s] -- Up-to-date: /home/caleb/project3_ws/install/turtlebot3_project3/share/turtlebot3_project3/local_setup.sh
[3.116s] -- Up-to-date: /home/caleb/project3_ws/install/turtlebot3_project3/share/turtlebot3_project3/local_setup.zsh
[3.116s] -- Installing: /home/caleb/project3_ws/install/turtlebot3_project3/share/turtlebot3_project3/local_setup.dsv
[3.117s] -- Installing: /home/caleb/project3_ws/install/turtlebot3_project3/share/turtlebot3_project3/package.dsv
[3.117s] -- Up-to-date: /home/caleb/project3_ws/install/turtlebot3_project3/share/ament_index/resource_index/packages/turtlebot3_project3
[3.118s] -- Up-to-date: /home/caleb/project3_ws/install/turtlebot3_project3/share/turtlebot3_project3/cmake/ament_cmake_export_include_directories-extras.cmake
[3.118s] -- Up-to-date: /home/caleb/project3_ws/install/turtlebot3_project3/share/turtlebot3_project3/cmake/ament_cmake_export_dependencies-extras.cmake
[3.118s] -- Up-to-date: /home/caleb/project3_ws/install/turtlebot3_project3/share/turtlebot3_project3/cmake/turtlebot3_project3Config.cmake
[3.118s] -- Up-to-date: /home/caleb/project3_ws/install/turtlebot3_project3/share/turtlebot3_project3/cmake/turtlebot3_project3Config-version.cmake
[3.119s] -- Up-to-date: /home/caleb/project3_ws/install/turtlebot3_project3/share/turtlebot3_project3/package.xml
[3.119s] Invoked command in '/home/caleb/project3_ws/build/turtlebot3_project3' returned '0': CMAKE_PREFIX_PATH=${CMAKE_PREFIX_PATH}:/opt/ros/humble /usr/bin/cmake --install /home/caleb/project3_ws/build/turtlebot3_project3
