[0.169s] DEBUG:colcon:Command line arguments: ['/usr/bin/colcon', 'build']
[0.169s] DEBUG:colcon:Parsed command line arguments: Namespace(log_base=None, log_level=None, verb_name='build', build_base='build', install_base='install', merge_install=False, symlink_install=False, test_result_base=None, continue_on_error=False, executor='parallel', parallel_workers=8, event_handlers=None, ignore_user_meta=False, metas=['./colcon.meta'], base_paths=['.'], packages_ignore=None, packages_ignore_regex=None, paths=None, packages_up_to=None, packages_up_to_regex=None, packages_above=None, packages_above_and_dependencies=None, packages_above_depth=None, packages_select_by_dep=None, packages_skip_by_dep=None, packages_skip_up_to=None, packages_select_build_failed=False, packages_skip_build_finished=False, packages_select_test_failures=False, packages_skip_test_passed=False, packages_select=None, packages_skip=None, packages_select_regex=None, packages_skip_regex=None, packages_start=None, packages_end=None, allow_overriding=[], cmake_args=None, cmake_target=None, cmake_target_skip_unavailable=False, cmake_clean_cache=False, cmake_clean_first=False, cmake_force_configure=False, ament_cmake_args=None, catkin_cmake_args=None, catkin_skip_building_tests=False, verb_parser=<colcon_defaults.argument_parser.defaults.DefaultArgumentsDecorator object at 0x7f89bac2d120>, verb_extension=<colcon_core.verb.build.BuildVerb object at 0x7f89bada6680>, main=<bound method BuildVerb.main of <colcon_core.verb.build.BuildVerb object at 0x7f89bada6680>>)
[0.435s] Level 1:colcon.colcon_core.package_discovery:discover_packages(colcon_meta) check parameters
[0.435s] Level 1:colcon.colcon_core.package_discovery:discover_packages(recursive) check parameters
[0.435s] Level 1:colcon.colcon_core.package_discovery:discover_packages(ignore) check parameters
[0.435s] Level 1:colcon.colcon_core.package_discovery:discover_packages(path) check parameters
[0.435s] Level 1:colcon.colcon_core.package_discovery:discover_packages(colcon_meta) discover
[0.435s] Level 1:colcon.colcon_core.package_discovery:discover_packages(recursive) discover
[0.435s] INFO:colcon.colcon_core.package_discovery:Crawling recursively for packages in '/home/caleb/project3_ws'
[0.435s] Level 1:colcon.colcon_core.package_identification:_identify(.) by extensions ['ignore', 'ignore_ament_install']
[0.435s] Level 1:colcon.colcon_core.package_identification:_identify(.) by extension 'ignore'
[0.435s] Level 1:colcon.colcon_core.package_identification:_identify(.) by extension 'ignore_ament_install'
[0.436s] Level 1:colcon.colcon_core.package_identification:_identify(.) by extensions ['colcon_pkg']
[0.436s] Level 1:colcon.colcon_core.package_identification:_identify(.) by extension 'colcon_pkg'
[0.436s] Level 1:colcon.colcon_core.package_identification:_identify(.) by extensions ['colcon_meta']
[0.436s] Level 1:colcon.colcon_core.package_identification:_identify(.) by extension 'colcon_meta'
[0.436s] Level 1:colcon.colcon_core.package_identification:_identify(.) by extensions ['ros']
[0.436s] Level 1:colcon.colcon_core.package_identification:_identify(.) by extension 'ros'
[0.453s] Level 1:colcon.colcon_core.package_identification:_identify(.) by extensions ['cmake', 'python']
[0.454s] Level 1:colcon.colcon_core.package_identification:_identify(.) by extension 'cmake'
[0.454s] Level 1:colcon.colcon_core.package_identification:_identify(.) by extension 'python'
[0.454s] Level 1:colcon.colcon_core.package_identification:_identify(.) by extensions ['python_setup_py']
[0.454s] Level 1:colcon.colcon_core.package_identification:_identify(.) by extension 'python_setup_py'
[0.454s] Level 1:colcon.colcon_core.package_identification:_identify(build) by extensions ['ignore', 'ignore_ament_install']
[0.454s] Level 1:colcon.colcon_core.package_identification:_identify(build) by extension 'ignore'
[0.454s] Level 1:colcon.colcon_core.package_identification:_identify(build) ignored
[0.454s] Level 1:colcon.colcon_core.package_identification:_identify(install) by extensions ['ignore', 'ignore_ament_install']
[0.454s] Level 1:colcon.colcon_core.package_identification:_identify(install) by extension 'ignore'
[0.454s] Level 1:colcon.colcon_core.package_identification:_identify(install) ignored
[0.455s] Level 1:colcon.colcon_core.package_identification:_identify(log) by extensions ['ignore', 'ignore_ament_install']
[0.455s] Level 1:colcon.colcon_core.package_identification:_identify(log) by extension 'ignore'
[0.455s] Level 1:colcon.colcon_core.package_identification:_identify(log) ignored
[0.455s] Level 1:colcon.colcon_core.package_identification:_identify(src) by extensions ['ignore', 'ignore_ament_install']
[0.455s] Level 1:colcon.colcon_core.package_identification:_identify(src) by extension 'ignore'
[0.455s] Level 1:colcon.colcon_core.package_identification:_identify(src) by extension 'ignore_ament_install'
[0.455s] Level 1:colcon.colcon_core.package_identification:_identify(src) by extensions ['colcon_pkg']
[0.455s] Level 1:colcon.colcon_core.package_identification:_identify(src) by extension 'colcon_pkg'
[0.455s] Level 1:colcon.colcon_core.package_identification:_identify(src) by extensions ['colcon_meta']
[0.455s] Level 1:colcon.colcon_core.package_identification:_identify(src) by extension 'colcon_meta'
[0.455s] Level 1:colcon.colcon_core.package_identification:_identify(src) by extensions ['ros']
[0.455s] Level 1:colcon.colcon_core.package_identification:_identify(src) by extension 'ros'
[0.456s] Level 1:colcon.colcon_core.package_identification:_identify(src) by extensions ['cmake', 'python']
[0.456s] Level 1:colcon.colcon_core.package_identification:_identify(src) by extension 'cmake'
[0.456s] Level 1:colcon.colcon_core.package_identification:_identify(src) by extension 'python'
[0.456s] Level 1:colcon.colcon_core.package_identification:_identify(src) by extensions ['python_setup_py']
[0.456s] Level 1:colcon.colcon_core.package_identification:_identify(src) by extension 'python_setup_py'
[0.456s] Level 1:colcon.colcon_core.package_identification:_identify(src/turtlebot3_project3) by extensions ['ignore', 'ignore_ament_install']
[0.456s] Level 1:colcon.colcon_core.package_identification:_identify(src/turtlebot3_project3) by extension 'ignore'
[0.456s] Level 1:colcon.colcon_core.package_identification:_identify(src/turtlebot3_project3) by extension 'ignore_ament_install'
[0.456s] Level 1:colcon.colcon_core.package_identification:_identify(src/turtlebot3_project3) by extensions ['colcon_pkg']
[0.456s] Level 1:colcon.colcon_core.package_identification:_identify(src/turtlebot3_project3) by extension 'colcon_pkg'
[0.456s] Level 1:colcon.colcon_core.package_identification:_identify(src/turtlebot3_project3) by extensions ['colcon_meta']
[0.456s] Level 1:colcon.colcon_core.package_identification:_identify(src/turtlebot3_project3) by extension 'colcon_meta'
[0.456s] Level 1:colcon.colcon_core.package_identification:_identify(src/turtlebot3_project3) by extensions ['ros']
[0.456s] Level 1:colcon.colcon_core.package_identification:_identify(src/turtlebot3_project3) by extension 'ros'
[0.460s] DEBUG:colcon.colcon_core.package_identification:Package 'src/turtlebot3_project3' with type 'ros.ament_cmake' and name 'turtlebot3_project3'
[0.461s] Level 1:colcon.colcon_core.package_discovery:discover_packages(recursive) using defaults
[0.461s] Level 1:colcon.colcon_core.package_discovery:discover_packages(ignore) discover
[0.461s] Level 1:colcon.colcon_core.package_discovery:discover_packages(ignore) using defaults
[0.461s] Level 1:colcon.colcon_core.package_discovery:discover_packages(path) discover
[0.461s] Level 1:colcon.colcon_core.package_discovery:discover_packages(path) using defaults
[0.496s] Level 1:colcon.colcon_core.package_discovery:discover_packages(prefix_path) check parameters
[0.496s] Level 1:colcon.colcon_core.package_discovery:discover_packages(prefix_path) discover
[0.500s] DEBUG:colcon.colcon_installed_package_information.package_discovery:Found 1 installed packages in /home/caleb/project3_ws/install
[0.503s] DEBUG:colcon.colcon_installed_package_information.package_discovery:Found 277 installed packages in /opt/ros/humble
[0.532s] Level 1:colcon.colcon_core.package_discovery:discover_packages(prefix_path) using defaults
[0.597s] Level 5:colcon.colcon_core.verb:set package 'turtlebot3_project3' build argument 'cmake_args' from command line to 'None'
[0.597s] Level 5:colcon.colcon_core.verb:set package 'turtlebot3_project3' build argument 'cmake_target' from command line to 'None'
[0.597s] Level 5:colcon.colcon_core.verb:set package 'turtlebot3_project3' build argument 'cmake_target_skip_unavailable' from command line to 'False'
[0.597s] Level 5:colcon.colcon_core.verb:set package 'turtlebot3_project3' build argument 'cmake_clean_cache' from command line to 'False'
[0.597s] Level 5:colcon.colcon_core.verb:set package 'turtlebot3_project3' build argument 'cmake_clean_first' from command line to 'False'
[0.598s] Level 5:colcon.colcon_core.verb:set package 'turtlebot3_project3' build argument 'cmake_force_configure' from command line to 'False'
[0.598s] Level 5:colcon.colcon_core.verb:set package 'turtlebot3_project3' build argument 'ament_cmake_args' from command line to 'None'
[0.598s] Level 5:colcon.colcon_core.verb:set package 'turtlebot3_project3' build argument 'catkin_cmake_args' from command line to 'None'
[0.598s] Level 5:colcon.colcon_core.verb:set package 'turtlebot3_project3' build argument 'catkin_skip_building_tests' from command line to 'False'
[0.598s] DEBUG:colcon.colcon_core.verb:Building package 'turtlebot3_project3' with the following arguments: {'ament_cmake_args': None, 'build_base': '/home/caleb/project3_ws/build/turtlebot3_project3', 'catkin_cmake_args': None, 'catkin_skip_building_tests': False, 'cmake_args': None, 'cmake_clean_cache': False, 'cmake_clean_first': False, 'cmake_force_configure': False, 'cmake_target': None, 'cmake_target_skip_unavailable': False, 'install_base': '/home/caleb/project3_ws/install/turtlebot3_project3', 'merge_install': False, 'path': '/home/caleb/project3_ws/src/turtlebot3_project3', 'symlink_install': False, 'test_result_base': None}
[0.598s] INFO:colcon.colcon_core.executor:Executing jobs using 'parallel' executor
[0.600s] DEBUG:colcon.colcon_parallel_executor.executor.parallel:run_until_complete
[0.600s] INFO:colcon.colcon_ros.task.ament_cmake.build:Building ROS package in '/home/caleb/project3_ws/src/turtlebot3_project3' with build type 'ament_cmake'
[0.600s] INFO:colcon.colcon_cmake.task.cmake.build:Building CMake package in '/home/caleb/project3_ws/src/turtlebot3_project3'
[0.604s] INFO:colcon.colcon_core.plugin_system:Skipping extension 'colcon_core.shell.bat': Not used on non-Windows systems
[0.604s] INFO:colcon.colcon_core.shell:Skip shell extension 'powershell' for command environment: Not usable outside of PowerShell
[0.605s] DEBUG:colcon.colcon_core.shell:Skip shell extension 'dsv' for command environment
[0.630s] DEBUG:colcon.colcon_core.event_handler.log_command:Invoking command in '/home/caleb/project3_ws/build/turtlebot3_project3': CMAKE_PREFIX_PATH=${CMAKE_PREFIX_PATH}:/opt/ros/humble /usr/bin/cmake --build /home/caleb/project3_ws/build/turtlebot3_project3 -- -j8 -l8
[3.628s] DEBUG:colcon.colcon_core.event_handler.log_command:Invoked command in '/home/caleb/project3_ws/build/turtlebot3_project3' returned '0': CMAKE_PREFIX_PATH=${CMAKE_PREFIX_PATH}:/opt/ros/humble /usr/bin/cmake --build /home/caleb/project3_ws/build/turtlebot3_project3 -- -j8 -l8
[3.695s] DEBUG:colcon.colcon_core.event_handler.log_command:Invoking command in '/home/caleb/project3_ws/build/turtlebot3_project3': CMAKE_PREFIX_PATH=${CMAKE_PREFIX_PATH}:/opt/ros/humble /usr/bin/cmake --install /home/caleb/project3_ws/build/turtlebot3_project3
[3.716s] Level 1:colcon.colcon_core.environment:create_environment_scripts_only(turtlebot3_project3)
[3.720s] DEBUG:colcon.colcon_core.event_handler.log_command:Invoked command in '/home/caleb/project3_ws/build/turtlebot3_project3' returned '0': CMAKE_PREFIX_PATH=${CMAKE_PREFIX_PATH}:/opt/ros/humble /usr/bin/cmake --install /home/caleb/project3_ws/build/turtlebot3_project3
[3.722s] Level 1:colcon.colcon_core.environment:checking '/home/caleb/project3_ws/install/turtlebot3_project3' for CMake module files
[3.723s] Level 1:colcon.colcon_core.environment:checking '/home/caleb/project3_ws/install/turtlebot3_project3' for CMake config files
[3.723s] Level 1:colcon.colcon_core.shell:create_environment_hook('turtlebot3_project3', 'cmake_prefix_path')
[3.724s] INFO:colcon.colcon_core.shell:Creating environment hook '/home/caleb/project3_ws/install/turtlebot3_project3/share/turtlebot3_project3/hook/cmake_prefix_path.ps1'
[3.724s] INFO:colcon.colcon_core.shell:Creating environment descriptor '/home/caleb/project3_ws/install/turtlebot3_project3/share/turtlebot3_project3/hook/cmake_prefix_path.dsv'
[3.725s] INFO:colcon.colcon_core.shell:Creating environment hook '/home/caleb/project3_ws/install/turtlebot3_project3/share/turtlebot3_project3/hook/cmake_prefix_path.sh'
[3.727s] Level 1:colcon.colcon_core.environment:checking '/home/caleb/project3_ws/install/turtlebot3_project3/lib'
[3.727s] Level 1:colcon.colcon_core.environment:checking '/home/caleb/project3_ws/install/turtlebot3_project3/bin'
[3.727s] Level 1:colcon.colcon_core.environment:checking '/home/caleb/project3_ws/install/turtlebot3_project3/lib/pkgconfig/turtlebot3_project3.pc'
[3.727s] Level 1:colcon.colcon_core.environment:checking '/home/caleb/project3_ws/install/turtlebot3_project3/lib/python3.10/site-packages'
[3.728s] Level 1:colcon.colcon_core.environment:checking '/home/caleb/project3_ws/install/turtlebot3_project3/bin'
[3.728s] INFO:colcon.colcon_core.shell:Creating package script '/home/caleb/project3_ws/install/turtlebot3_project3/share/turtlebot3_project3/package.ps1'
[3.729s] INFO:colcon.colcon_core.shell:Creating package descriptor '/home/caleb/project3_ws/install/turtlebot3_project3/share/turtlebot3_project3/package.dsv'
[3.730s] INFO:colcon.colcon_core.shell:Creating package script '/home/caleb/project3_ws/install/turtlebot3_project3/share/turtlebot3_project3/package.sh'
[3.731s] INFO:colcon.colcon_core.shell:Creating package script '/home/caleb/project3_ws/install/turtlebot3_project3/share/turtlebot3_project3/package.bash'
[3.732s] INFO:colcon.colcon_core.shell:Creating package script '/home/caleb/project3_ws/install/turtlebot3_project3/share/turtlebot3_project3/package.zsh'
[3.733s] Level 1:colcon.colcon_core.environment:create_file_with_runtime_dependencies(/home/caleb/project3_ws/install/turtlebot3_project3/share/colcon-core/packages/turtlebot3_project3)
[3.783s] Level 1:colcon.colcon_core.environment:create_environment_scripts_only(turtlebot3_project3)
[3.784s] Level 1:colcon.colcon_core.environment:checking '/home/caleb/project3_ws/install/turtlebot3_project3' for CMake module files
[3.784s] Level 1:colcon.colcon_core.environment:checking '/home/caleb/project3_ws/install/turtlebot3_project3' for CMake config files
[3.785s] Level 1:colcon.colcon_core.shell:create_environment_hook('turtlebot3_project3', 'cmake_prefix_path')
[3.785s] INFO:colcon.colcon_core.shell:Creating environment hook '/home/caleb/project3_ws/install/turtlebot3_project3/share/turtlebot3_project3/hook/cmake_prefix_path.ps1'
[3.786s] INFO:colcon.colcon_core.shell:Creating environment descriptor '/home/caleb/project3_ws/install/turtlebot3_project3/share/turtlebot3_project3/hook/cmake_prefix_path.dsv'
[3.786s] INFO:colcon.colcon_core.shell:Creating environment hook '/home/caleb/project3_ws/install/turtlebot3_project3/share/turtlebot3_project3/hook/cmake_prefix_path.sh'
[3.787s] Level 1:colcon.colcon_core.environment:checking '/home/caleb/project3_ws/install/turtlebot3_project3/lib'
[3.787s] Level 1:colcon.colcon_core.environment:checking '/home/caleb/project3_ws/install/turtlebot3_project3/bin'
[3.787s] Level 1:colcon.colcon_core.environment:checking '/home/caleb/project3_ws/install/turtlebot3_project3/lib/pkgconfig/turtlebot3_project3.pc'
[3.787s] Level 1:colcon.colcon_core.environment:checking '/home/caleb/project3_ws/install/turtlebot3_project3/lib/python3.10/site-packages'
[3.788s] Level 1:colcon.colcon_core.environment:checking '/home/caleb/project3_ws/install/turtlebot3_project3/bin'
[3.788s] INFO:colcon.colcon_core.shell:Creating package script '/home/caleb/project3_ws/install/turtlebot3_project3/share/turtlebot3_project3/package.ps1'
[3.789s] INFO:colcon.colcon_core.shell:Creating package descriptor '/home/caleb/project3_ws/install/turtlebot3_project3/share/turtlebot3_project3/package.dsv'
[3.790s] INFO:colcon.colcon_core.shell:Creating package script '/home/caleb/project3_ws/install/turtlebot3_project3/share/turtlebot3_project3/package.sh'
[3.790s] INFO:colcon.colcon_core.shell:Creating package script '/home/caleb/project3_ws/install/turtlebot3_project3/share/turtlebot3_project3/package.bash'
[3.791s] INFO:colcon.colcon_core.shell:Creating package script '/home/caleb/project3_ws/install/turtlebot3_project3/share/turtlebot3_project3/package.zsh'
[3.791s] Level 1:colcon.colcon_core.environment:create_file_with_runtime_dependencies(/home/caleb/project3_ws/install/turtlebot3_project3/share/colcon-core/packages/turtlebot3_project3)
[3.791s] DEBUG:colcon.colcon_parallel_executor.executor.parallel:closing loop
[3.792s] DEBUG:colcon.colcon_parallel_executor.executor.parallel:loop closed
[3.792s] DEBUG:colcon.colcon_parallel_executor.executor.parallel:run_until_complete finished with '0'
[3.792s] DEBUG:colcon.colcon_core.event_reactor:joining thread
[3.800s] INFO:colcon.colcon_core.plugin_system:Skipping extension 'colcon_notification.desktop_notification.terminal_notifier': Not used on non-Darwin systems
[3.801s] INFO:colcon.colcon_core.plugin_system:Skipping extension 'colcon_notification.desktop_notification.win32': Not used on non-Windows systems
[3.801s] INFO:colcon.colcon_notification.desktop_notification:Sending desktop notification using 'notify2'
[3.824s] DEBUG:colcon.colcon_core.event_reactor:joined thread
[3.825s] INFO:colcon.colcon_core.shell:Creating prefix script '/home/caleb/project3_ws/install/local_setup.ps1'
[3.827s] INFO:colcon.colcon_core.shell:Creating prefix util module '/home/caleb/project3_ws/install/_local_setup_util_ps1.py'
[3.831s] INFO:colcon.colcon_core.shell:Creating prefix chain script '/home/caleb/project3_ws/install/setup.ps1'
[3.834s] INFO:colcon.colcon_core.shell:Creating prefix script '/home/caleb/project3_ws/install/local_setup.sh'
[3.836s] INFO:colcon.colcon_core.shell:Creating prefix util module '/home/caleb/project3_ws/install/_local_setup_util_sh.py'
[3.837s] INFO:colcon.colcon_core.shell:Creating prefix chain script '/home/caleb/project3_ws/install/setup.sh'
[3.840s] INFO:colcon.colcon_core.shell:Creating prefix script '/home/caleb/project3_ws/install/local_setup.bash'
[3.841s] INFO:colcon.colcon_core.shell:Creating prefix chain script '/home/caleb/project3_ws/install/setup.bash'
[3.844s] INFO:colcon.colcon_core.shell:Creating prefix script '/home/caleb/project3_ws/install/local_setup.zsh'
[3.846s] INFO:colcon.colcon_core.shell:Creating prefix chain script '/home/caleb/project3_ws/install/setup.zsh'
